lr=0.0005 有bn

Epoch: 0
INFO:root:Train Accuracy: 79.875 (79.875). Loss: 0.315 (0.315)

INFO:root:Train Accuracy: 87.700 (87.700).

INFO:root:
Epoch: 1
INFO:root:Train Accuracy: 89.468 (89.468). Loss: 0.234 (0.234)

INFO:root:Train Accuracy: 88.580 (88.580).

INFO:root:
Epoch: 2
INFO:root:Train Accuracy: 90.787 (90.787). Loss: 0.218 (0.218)

INFO:root:Train Accuracy: 89.270 (89.270).

INFO:root:
Epoch: 3
INFO:root:Train Accuracy: 91.762 (91.762). Loss: 0.207 (0.207)

INFO:root:Train Accuracy: 90.840 (90.840).

INFO:root:
Epoch: 4
INFO:root:Train Accuracy: 92.425 (92.425). Loss: 0.200 (0.200)

INFO:root:Train Accuracy: 90.790 (90.840).

INFO:root:
Epoch: 5
INFO:root:Train Accuracy: 92.983 (92.983). Loss: 0.195 (0.195)

INFO:root:Train Accuracy: 90.490 (90.840).

INFO:root:
Epoch: 6
INFO:root:Train Accuracy: 93.407 (93.407). Loss: 0.188 (0.188)

INFO:root:Train Accuracy: 91.150 (91.150).

INFO:root:
Epoch: 7
INFO:root:Train Accuracy: 93.960 (93.960). Loss: 0.186 (0.186)

INFO:root:Train Accuracy: 91.420 (91.420).

INFO:root:
Epoch: 8
INFO:root:Train Accuracy: 94.333 (94.333). Loss: 0.184 (0.184)

INFO:root:Train Accuracy: 91.710 (91.710).

INFO:root:
Epoch: 9
INFO:root:Train Accuracy: 94.615 (94.615). Loss: 0.181 (0.181)

INFO:root:Train Accuracy: 91.310 (91.710).

INFO:root:
Epoch: 10
INFO:root:Train Accuracy: 95.060 (95.060). Loss: 0.177 (0.177)

INFO:root:Train Accuracy: 91.730 (91.730).

INFO:root:
Epoch: 11
INFO:root:Train Accuracy: 95.395 (95.395). Loss: 0.175 (0.175)

INFO:root:Train Accuracy: 91.700 (91.730).

INFO:root:
Epoch: 12
INFO:root:Train Accuracy: 95.807 (95.807). Loss: 0.171 (0.171)

INFO:root:Train Accuracy: 91.710 (91.730).

INFO:root:
Epoch: 13
INFO:root:Train Accuracy: 95.928 (95.928). Loss: 0.162 (0.162)

INFO:root:Train Accuracy: 92.080 (92.080).

INFO:root:
Epoch: 14
INFO:root:Train Accuracy: 96.212 (96.212). Loss: 0.159 (0.159)

INFO:root:Train Accuracy: 91.830 (92.080).

INFO:root:
Epoch: 15
INFO:root:Train Accuracy: 96.478 (96.478). Loss: 0.159 (0.159)

INFO:root:Train Accuracy: 91.630 (92.080).

INFO:root:
Epoch: 16
INFO:root:Train Accuracy: 96.558 (96.558). Loss: 0.163 (0.159)

INFO:root:Train Accuracy: 92.190 (92.190).

INFO:root:
Epoch: 17
INFO:root:Train Accuracy: 96.800 (96.800). Loss: 0.156 (0.156)

INFO:root:Train Accuracy: 91.670 (92.190).

INFO:root:
Epoch: 18
INFO:root:Train Accuracy: 97.032 (97.032). Loss: 0.154 (0.154)

INFO:root:Train Accuracy: 91.730 (92.190).

INFO:root:
Epoch: 19
INFO:root:Train Accuracy: 97.120 (97.120). Loss: 0.146 (0.146)

INFO:root:Train Accuracy: 91.760 (92.190).

INFO:root:
Epoch: 20
INFO:root:Train Accuracy: 97.200 (97.200). Loss: 0.156 (0.146)

INFO:root:Train Accuracy: 91.590 (92.190).

INFO:root:
Epoch: 21
INFO:root:Train Accuracy: 97.417 (97.417). Loss: 0.145 (0.145)

INFO:root:Train Accuracy: 91.990 (92.190).

INFO:root:
Epoch: 22
INFO:root:Train Accuracy: 97.448 (97.448). Loss: 0.147 (0.145)

INFO:root:Train Accuracy: 92.030 (92.190).

INFO:root:
Epoch: 23
INFO:root:Train Accuracy: 97.552 (97.552). Loss: 0.145 (0.145)

INFO:root:Train Accuracy: 91.740 (92.190).

INFO:root:
Epoch: 24
INFO:root:Train Accuracy: 97.602 (97.602). Loss: 0.149 (0.145)

INFO:root:Train Accuracy: 92.270 (92.270).

INFO:root:
Epoch: 25
INFO:root:Train Accuracy: 97.793 (97.793). Loss: 0.140 (0.140)

INFO:root:Train Accuracy: 91.550 (92.270).

INFO:root:
Epoch: 26
INFO:root:Train Accuracy: 97.765 (97.793). Loss: 0.144 (0.140)

INFO:root:Train Accuracy: 91.610 (92.270).

INFO:root:
Epoch: 27
INFO:root:Train Accuracy: 97.845 (97.845). Loss: 0.141 (0.140)

INFO:root:Train Accuracy: 91.570 (92.270).

INFO:root:
Epoch: 28
INFO:root:Train Accuracy: 97.968 (97.968). Loss: 0.140 (0.140)

INFO:root:Train Accuracy: 89.820 (92.270).

INFO:root:
Epoch: 29
INFO:root:Train Accuracy: 98.062 (98.062). Loss: 0.135 (0.135)

INFO:root:Train Accuracy: 92.220 (92.270).

INFO:root:
Epoch: 30
INFO:root:Train Accuracy: 98.617 (98.617). Loss: 0.114 (0.114)

INFO:root:Train Accuracy: 92.070 (92.270).

INFO:root:
Epoch: 31
INFO:root:Train Accuracy: 98.755 (98.755). Loss: 0.113 (0.113)

INFO:root:Train Accuracy: 92.230 (92.270).

INFO:root:
Epoch: 32
INFO:root:Train Accuracy: 98.795 (98.795). Loss: 0.116 (0.113)

INFO:root:Train Accuracy: 92.460 (92.460).

INFO:root:
Epoch: 33
INFO:root:Train Accuracy: 98.800 (98.800). Loss: 0.114 (0.113)

INFO:root:Train Accuracy: 92.040 (92.460).

INFO:root:
Epoch: 34
INFO:root:Train Accuracy: 98.797 (98.800). Loss: 0.114 (0.113)

INFO:root:Train Accuracy: 92.430 (92.460).

INFO:root:
Epoch: 35
INFO:root:Train Accuracy: 98.815 (98.815). Loss: 0.111 (0.111)

INFO:root:Train Accuracy: 92.100 (92.460).

INFO:root:
Epoch: 36
INFO:root:Train Accuracy: 98.823 (98.823). Loss: 0.113 (0.111)

INFO:root:Train Accuracy: 92.270 (92.460).

INFO:root:
Epoch: 37
INFO:root:Train Accuracy: 98.827 (98.827). Loss: 0.113 (0.111)

INFO:root:Train Accuracy: 91.850 (92.460).

INFO:root:
Epoch: 38
INFO:root:Train Accuracy: 98.853 (98.853). Loss: 0.114 (0.111)

INFO:root:Train Accuracy: 92.390 (92.460).

INFO:root:
Epoch: 39
INFO:root:Train Accuracy: 98.818 (98.853). Loss: 0.117 (0.111)

INFO:root:Train Accuracy: 92.030 (92.460).

INFO:root:
Epoch: 40
INFO:root:Train Accuracy: 98.917 (98.917). Loss: 0.107 (0.107)

INFO:root:Train Accuracy: 91.840 (92.460).

INFO:root:
Epoch: 41
INFO:root:Train Accuracy: 98.942 (98.942). Loss: 0.109 (0.107)

INFO:root:Train Accuracy: 91.790 (92.460).

INFO:root:
Epoch: 42
INFO:root:Train Accuracy: 98.938 (98.942). Loss: 0.111 (0.107)

INFO:root:Train Accuracy: 91.990 (92.460).

INFO:root:
Epoch: 43
INFO:root:Train Accuracy: 98.932 (98.942). Loss: 0.108 (0.107)

INFO:root:Train Accuracy: 91.980 (92.460).

INFO:root:
Epoch: 44
INFO:root:Train Accuracy: 98.780 (98.942). Loss: 0.117 (0.107)

INFO:root:Train Accuracy: 92.080 (92.460).

INFO:root:
Epoch: 45
INFO:root:Train Accuracy: 98.875 (98.942). Loss: 0.116 (0.107)

INFO:root:Train Accuracy: 91.920 (92.460).

INFO:root:
Epoch: 46
INFO:root:Train Accuracy: 99.025 (99.025). Loss: 0.108 (0.107)

INFO:root:Train Accuracy: 92.400 (92.460).

INFO:root:
Epoch: 47
INFO:root:Train Accuracy: 98.995 (99.025). Loss: 0.110 (0.107)

INFO:root:Train Accuracy: 92.190 (92.460).

INFO:root:
Epoch: 48
INFO:root:Train Accuracy: 98.938 (99.025). Loss: 0.118 (0.107)

INFO:root:Train Accuracy: 91.800 (92.460).

INFO:root:
Epoch: 49
INFO:root:Train Accuracy: 98.908 (99.025). Loss: 0.112 (0.107)

INFO:root:Train Accuracy: 92.110 (92.460).

INFO:root:
Epoch: 50
INFO:root:Train Accuracy: 98.898 (99.025). Loss: 0.113 (0.107)

INFO:root:Train Accuracy: 92.230 (92.460).

INFO:root:
Epoch: 51
INFO:root:Train Accuracy: 98.852 (99.025). Loss: 0.115 (0.107)

INFO:root:Train Accuracy: 92.200 (92.460).

INFO:root:
Epoch: 52
INFO:root:Train Accuracy: 98.945 (99.025). Loss: 0.113 (0.107)

INFO:root:Train Accuracy: 92.230 (92.460).

INFO:root:
Epoch: 53
INFO:root:Train Accuracy: 98.920 (99.025). Loss: 0.116 (0.107)

INFO:root:Train Accuracy: 92.440 (92.460).

INFO:root:
Epoch: 54
INFO:root:Train Accuracy: 98.935 (99.025). Loss: 0.115 (0.107)

INFO:root:Train Accuracy: 92.020 (92.460).

INFO:root:
Epoch: 55
INFO:root:Train Accuracy: 98.950 (99.025). Loss: 0.114 (0.107)

INFO:root:Train Accuracy: 92.030 (92.460).

INFO:root:
Epoch: 56
INFO:root:Train Accuracy: 99.020 (99.025). Loss: 0.114 (0.107)

INFO:root:Train Accuracy: 92.290 (92.460).

INFO:root:
Epoch: 57
INFO:root:Train Accuracy: 98.862 (99.025). Loss: 0.119 (0.107)

INFO:root:Train Accuracy: 91.570 (92.460).

INFO:root:
Epoch: 58
INFO:root:Train Accuracy: 98.913 (99.025). Loss: 0.129 (0.107)

INFO:root:Train Accuracy: 90.240 (92.460).

INFO:root:
Epoch: 59
INFO:root:Train Accuracy: 98.870 (99.025). Loss: 0.129 (0.107)

INFO:root:Train Accuracy: 91.960 (92.460).

INFO:root:
Epoch: 60
INFO:root:Train Accuracy: 99.192 (99.192). Loss: 0.108 (0.107)

INFO:root:Train Accuracy: 92.310 (92.460).

INFO:root:
Epoch: 61
INFO:root:Train Accuracy: 99.127 (99.192). Loss: 0.104 (0.104)

INFO:root:Train Accuracy: 92.300 (92.460).

INFO:root:
Epoch: 62
INFO:root:Train Accuracy: 99.185 (99.192). Loss: 0.106 (0.104)

INFO:root:Train Accuracy: 92.130 (92.460).

INFO:root:
Epoch: 63
INFO:root:Train Accuracy: 99.180 (99.192). Loss: 0.116 (0.104)

INFO:root:Train Accuracy: 92.190 (92.460).

INFO:root:
Epoch: 64
INFO:root:Train Accuracy: 99.110 (99.192). Loss: 0.111 (0.104)

INFO:root:Train Accuracy: 91.880 (92.460).

INFO:root:
Epoch: 65
INFO:root:Train Accuracy: 99.087 (99.192). Loss: 0.110 (0.104)

INFO:root:Train Accuracy: 91.730 (92.460).

INFO:root:
Epoch: 66
INFO:root:Train Accuracy: 99.165 (99.192). Loss: 0.111 (0.104)

INFO:root:Train Accuracy: 91.850 (92.460).

INFO:root:
Epoch: 67
INFO:root:Train Accuracy: 99.170 (99.192). Loss: 0.101 (0.101)

INFO:root:Train Accuracy: 92.190 (92.460).

INFO:root:
Epoch: 68
INFO:root:Train Accuracy: 99.022 (99.192). Loss: 0.120 (0.101)

INFO:root:Train Accuracy: 91.970 (92.460).

INFO:root:
Epoch: 69
INFO:root:Train Accuracy: 99.233 (99.233). Loss: 0.112 (0.101)

INFO:root:Train Accuracy: 91.910 (92.460).

INFO:root:
Epoch: 70
INFO:root:Train Accuracy: 99.230 (99.233). Loss: 0.107 (0.101)

INFO:root:Train Accuracy: 91.760 (92.460).

INFO:root:
Epoch: 71
INFO:root:Train Accuracy: 99.212 (99.233). Loss: 0.108 (0.101)

INFO:root:Train Accuracy: 91.900 (92.460).

INFO:root:
Epoch: 72
INFO:root:Train Accuracy: 99.247 (99.247). Loss: 0.102 (0.101)

INFO:root:Train Accuracy: 91.960 (92.460).

INFO:root:
Epoch: 73
INFO:root:Train Accuracy: 99.257 (99.257). Loss: 0.101 (0.101)

INFO:root:Train Accuracy: 91.780 (92.460).

INFO:root:
Epoch: 74
INFO:root:Train Accuracy: 99.178 (99.257). Loss: 0.105 (0.101)

INFO:root:Train Accuracy: 92.340 (92.460).

INFO:root:
Epoch: 75
INFO:root:Train Accuracy: 99.245 (99.257). Loss: 0.106 (0.101)

INFO:root:Train Accuracy: 92.050 (92.460).

INFO:root:
Epoch: 76
INFO:root:Train Accuracy: 99.157 (99.257). Loss: 0.107 (0.101)

INFO:root:Train Accuracy: 91.410 (92.460).

INFO:root:
Epoch: 77
INFO:root:Train Accuracy: 99.240 (99.257). Loss: 0.103 (0.101)

INFO:root:Train Accuracy: 92.190 (92.460).

INFO:root:
Epoch: 78
INFO:root:Train Accuracy: 99.240 (99.257). Loss: 0.113 (0.101)

INFO:root:Train Accuracy: 92.080 (92.460).

INFO:root:
Epoch: 79
INFO:root:Train Accuracy: 99.228 (99.257). Loss: 0.113 (0.101)

INFO:root:Train Accuracy: 92.090 (92.460).

INFO:root:
Epoch: 80
INFO:root:Train Accuracy: 99.262 (99.262). Loss: 0.104 (0.101)

INFO:root:Train Accuracy: 91.830 (92.460).

INFO:root:
Epoch: 81
INFO:root:Train Accuracy: 99.317 (99.317). Loss: 0.106 (0.101)

INFO:root:Train Accuracy: 92.100 (92.460).

INFO:root:
Epoch: 82
INFO:root:Train Accuracy: 99.350 (99.350). Loss: 0.107 (0.101)

INFO:root:Train Accuracy: 91.880 (92.460).

INFO:root:
Epoch: 83
INFO:root:Train Accuracy: 99.315 (99.350). Loss: 0.103 (0.101)

INFO:root:Train Accuracy: 92.020 (92.460).

INFO:root:
Epoch: 84
INFO:root:Train Accuracy: 99.285 (99.350). Loss: 0.109 (0.101)

INFO:root:Train Accuracy: 91.900 (92.460).

INFO:root:
Epoch: 85
INFO:root:Train Accuracy: 99.305 (99.350). Loss: 0.107 (0.101)

INFO:root:Train Accuracy: 92.070 (92.460).

INFO:root:
Epoch: 86
INFO:root:Train Accuracy: 99.183 (99.350). Loss: 0.105 (0.101)

INFO:root:Train Accuracy: 92.030 (92.460).

INFO:root:
Epoch: 87
INFO:root:Train Accuracy: 99.297 (99.350). Loss: 0.106 (0.101)

INFO:root:Train Accuracy: 92.160 (92.460).

INFO:root:
Epoch: 88
INFO:root:Train Accuracy: 99.373 (99.373). Loss: 0.107 (0.101)

INFO:root:Train Accuracy: 92.080 (92.460).

INFO:root:
Epoch: 89
INFO:root:Train Accuracy: 99.252 (99.373). Loss: 0.110 (0.101)

INFO:root:Train Accuracy: 91.990 (92.460).

INFO:root:
Epoch: 90
INFO:root:Train Accuracy: 99.418 (99.418). Loss: 0.097 (0.097)

INFO:root:Train Accuracy: 92.200 (92.460).

INFO:root:
Epoch: 91
INFO:root:Train Accuracy: 99.433 (99.433). Loss: 0.095 (0.095)

INFO:root:Train Accuracy: 92.080 (92.460).

INFO:root:
Epoch: 92
INFO:root:Train Accuracy: 99.390 (99.433). Loss: 0.101 (0.095)

INFO:root:Train Accuracy: 92.210 (92.460).

INFO:root:
Epoch: 93
INFO:root:Train Accuracy: 99.447 (99.447). Loss: 0.094 (0.094)

INFO:root:Train Accuracy: 92.150 (92.460).

INFO:root:
Epoch: 94
INFO:root:Train Accuracy: 99.453 (99.453). Loss: 0.097 (0.094)

INFO:root:Train Accuracy: 92.210 (92.460).

INFO:root:
Epoch: 95
INFO:root:Train Accuracy: 99.522 (99.522). Loss: 0.096 (0.094)

INFO:root:Train Accuracy: 91.960 (92.460).

INFO:root:
Epoch: 96
INFO:root:Train Accuracy: 99.427 (99.522). Loss: 0.097 (0.094)

INFO:root:Train Accuracy: 92.210 (92.460).

INFO:root:
Epoch: 97
INFO:root:Train Accuracy: 99.417 (99.522). Loss: 0.100 (0.094)

INFO:root:Train Accuracy: 92.080 (92.460).

INFO:root:
Epoch: 98
INFO:root:Train Accuracy: 99.460 (99.522). Loss: 0.095 (0.094)

INFO:root:Train Accuracy: 92.170 (92.460).

INFO:root:
Epoch: 99
INFO:root:Train Accuracy: 99.505 (99.522). Loss: 0.096 (0.094)

INFO:root:Train Accuracy: 92.190 (92.460).

INFO:root:Best Accuracy: 0.925, at epoch: 0 

