lr=0.0003 tau_m=2

INFO:root:
Epoch: 1
INFO:root:start parsing settings
INFO:root:finish parsing settings
INFO:root:dataset loaded
INFO:root:dataset loaded
INFO:root:
Epoch: 0
INFO:root:start parsing settings
INFO:root:finish parsing settings
INFO:root:dataset loaded
INFO:root:dataset loaded
INFO:root:
Epoch: 0
INFO:root:Train Accuracy: 94.013 (94.013). Loss: 0.183 (0.183)

INFO:root:Train Accuracy: 97.530 (97.530).

INFO:root:
Epoch: 1
INFO:root:Train Accuracy: 98.018 (98.018). Loss: 0.131 (0.131)

INFO:root:Train Accuracy: 98.220 (98.220).

INFO:root:
Epoch: 2
INFO:root:Train Accuracy: 98.510 (98.510). Loss: 0.125 (0.125)

INFO:root:Train Accuracy: 98.440 (98.440).

INFO:root:
Epoch: 3
INFO:root:Train Accuracy: 98.783 (98.783). Loss: 0.121 (0.121)

INFO:root:Train Accuracy: 98.780 (98.780).

INFO:root:
Epoch: 4
INFO:root:Train Accuracy: 99.008 (99.008). Loss: 0.119 (0.119)

INFO:root:Train Accuracy: 98.900 (98.900).

INFO:root:
Epoch: 5
INFO:root:Train Accuracy: 99.160 (99.160). Loss: 0.119 (0.119)

INFO:root:Train Accuracy: 98.890 (98.900).

INFO:root:
Epoch: 6
INFO:root:Train Accuracy: 99.262 (99.262). Loss: 0.120 (0.119)

INFO:root:Train Accuracy: 98.850 (98.900).

INFO:root:
Epoch: 7
INFO:root:Train Accuracy: 99.410 (99.410). Loss: 0.121 (0.119)

INFO:root:Train Accuracy: 99.120 (99.120).

INFO:root:
Epoch: 8
INFO:root:Train Accuracy: 99.470 (99.470). Loss: 0.126 (0.119)

INFO:root:Train Accuracy: 99.020 (99.120).

INFO:root:
Epoch: 9
INFO:root:Train Accuracy: 99.510 (99.510). Loss: 0.130 (0.119)

INFO:root:Train Accuracy: 98.930 (99.120).

INFO:root:
Epoch: 10
INFO:root:Train Accuracy: 99.532 (99.532). Loss: 0.127 (0.119)

INFO:root:Train Accuracy: 99.190 (99.190).

INFO:root:
Epoch: 11
INFO:root:Train Accuracy: 99.593 (99.593). Loss: 0.120 (0.119)

INFO:root:Train Accuracy: 99.230 (99.230).

INFO:root:
Epoch: 12
INFO:root:Train Accuracy: 99.647 (99.647). Loss: 0.117 (0.117)

INFO:root:Train Accuracy: 99.170 (99.230).

INFO:root:
Epoch: 13
INFO:root:Train Accuracy: 99.685 (99.685). Loss: 0.111 (0.111)

INFO:root:Train Accuracy: 99.200 (99.230).

INFO:root:
Epoch: 14
INFO:root:Train Accuracy: 99.727 (99.727). Loss: 0.101 (0.101)

INFO:root:Train Accuracy: 99.210 (99.230).

INFO:root:
Epoch: 15
INFO:root:Train Accuracy: 99.758 (99.758). Loss: 0.092 (0.092)

INFO:root:Train Accuracy: 99.400 (99.400).

INFO:root:
Epoch: 16
INFO:root:Train Accuracy: 99.747 (99.758). Loss: 0.091 (0.091)

INFO:root:Train Accuracy: 99.280 (99.400).

INFO:root:
Epoch: 17
INFO:root:Train Accuracy: 99.783 (99.783). Loss: 0.086 (0.086)

INFO:root:Train Accuracy: 99.290 (99.400).

INFO:root:
Epoch: 18
INFO:root:Train Accuracy: 99.787 (99.787). Loss: 0.090 (0.086)

INFO:root:Train Accuracy: 99.290 (99.400).

INFO:root:
Epoch: 19
INFO:root:Train Accuracy: 99.792 (99.792). Loss: 0.093 (0.086)

INFO:root:Train Accuracy: 99.280 (99.400).

INFO:root:
Epoch: 20
INFO:root:Train Accuracy: 99.828 (99.828). Loss: 0.094 (0.086)

INFO:root:Train Accuracy: 99.320 (99.400).

INFO:root:
Epoch: 21
INFO:root:Train Accuracy: 99.822 (99.828). Loss: 0.083 (0.083)

INFO:root:Train Accuracy: 99.230 (99.400).

INFO:root:
Epoch: 22
INFO:root:Train Accuracy: 99.848 (99.848). Loss: 0.082 (0.082)

INFO:root:Train Accuracy: 99.340 (99.400).

INFO:root:
Epoch: 23
INFO:root:Train Accuracy: 99.847 (99.848). Loss: 0.093 (0.082)

INFO:root:Train Accuracy: 99.280 (99.400).

INFO:root:
Epoch: 24
INFO:root:Train Accuracy: 99.858 (99.858). Loss: 0.083 (0.082)

INFO:root:Train Accuracy: 99.400 (99.400).

INFO:root:
Epoch: 25
INFO:root:Train Accuracy: 99.887 (99.887). Loss: 0.099 (0.082)

INFO:root:Train Accuracy: 99.140 (99.400).

INFO:root:
Epoch: 26
INFO:root:Train Accuracy: 99.855 (99.887). Loss: 0.089 (0.082)

INFO:root:Train Accuracy: 99.250 (99.400).

INFO:root:
Epoch: 27
INFO:root:Train Accuracy: 99.888 (99.888). Loss: 0.086 (0.082)

INFO:root:Train Accuracy: 99.150 (99.400).

INFO:root:
Epoch: 28
INFO:root:Train Accuracy: 99.873 (99.888). Loss: 0.084 (0.082)

INFO:root:Train Accuracy: 99.320 (99.400).

INFO:root:
Epoch: 29
INFO:root:Train Accuracy: 99.873 (99.888). Loss: 0.082 (0.082)

INFO:root:Train Accuracy: 99.300 (99.400).

INFO:root:
Epoch: 30
INFO:root:Train Accuracy: 99.908 (99.908). Loss: 0.100 (0.082)

INFO:root:Train Accuracy: 99.340 (99.400).

INFO:root:
Epoch: 31
INFO:root:Train Accuracy: 99.910 (99.910). Loss: 0.091 (0.082)

INFO:root:Train Accuracy: 99.270 (99.400).

INFO:root:
Epoch: 32
INFO:root:Train Accuracy: 99.908 (99.910). Loss: 0.089 (0.082)

INFO:root:Train Accuracy: 99.320 (99.400).

INFO:root:
Epoch: 33
INFO:root:Train Accuracy: 99.902 (99.910). Loss: 0.084 (0.082)

INFO:root:Train Accuracy: 99.300 (99.400).

INFO:root:
Epoch: 34
INFO:root:Train Accuracy: 99.878 (99.910). Loss: 0.088 (0.082)

INFO:root:Train Accuracy: 99.250 (99.400).

INFO:root:
Epoch: 35
INFO:root:Train Accuracy: 99.877 (99.910). Loss: 0.116 (0.082)

INFO:root:Train Accuracy: 99.280 (99.400).

INFO:root:
Epoch: 36
INFO:root:Train Accuracy: 99.892 (99.910). Loss: 0.111 (0.082)

INFO:root:Train Accuracy: 99.290 (99.400).

INFO:root:
Epoch: 37
INFO:root:Train Accuracy: 99.907 (99.910). Loss: 0.115 (0.082)

INFO:root:Train Accuracy: 99.470 (99.470).

INFO:root:
Epoch: 38
INFO:root:Train Accuracy: 99.928 (99.928). Loss: 0.118 (0.082)

INFO:root:Train Accuracy: 99.310 (99.470).

INFO:root:
Epoch: 39
INFO:root:Train Accuracy: 99.933 (99.933). Loss: 0.116 (0.082)

INFO:root:Train Accuracy: 99.200 (99.470).

INFO:root:
Epoch: 40
INFO:root:Train Accuracy: 99.917 (99.933). Loss: 0.121 (0.082)

INFO:root:Train Accuracy: 99.380 (99.470).

INFO:root:
Epoch: 41
INFO:root:Train Accuracy: 99.920 (99.933). Loss: 0.120 (0.082)

INFO:root:Train Accuracy: 99.240 (99.470).

INFO:root:
Epoch: 42
INFO:root:Train Accuracy: 99.887 (99.933). Loss: 0.121 (0.082)

INFO:root:Train Accuracy: 99.240 (99.470).

INFO:root:
Epoch: 43
INFO:root:Train Accuracy: 99.868 (99.933). Loss: 0.120 (0.082)

INFO:root:Train Accuracy: 99.230 (99.470).

INFO:root:
Epoch: 44
INFO:root:Train Accuracy: 99.845 (99.933). Loss: 0.109 (0.082)

INFO:root:Train Accuracy: 99.270 (99.470).

INFO:root:
Epoch: 45
INFO:root:Train Accuracy: 99.870 (99.933). Loss: 0.119 (0.082)

INFO:root:Train Accuracy: 99.180 (99.470).

INFO:root:
Epoch: 46
INFO:root:Train Accuracy: 99.853 (99.933). Loss: 0.095 (0.082)

INFO:root:Train Accuracy: 99.260 (99.470).

INFO:root:
Epoch: 47
INFO:root:Train Accuracy: 99.817 (99.933). Loss: 0.081 (0.081)

INFO:root:Train Accuracy: 99.070 (99.470).

INFO:root:
Epoch: 48
INFO:root:Train Accuracy: 99.857 (99.933). Loss: 0.080 (0.080)

INFO:root:Train Accuracy: 99.300 (99.470).

INFO:root:
Epoch: 49
INFO:root:Train Accuracy: 99.868 (99.933). Loss: 0.077 (0.077)

INFO:root:Train Accuracy: 99.150 (99.470).

INFO:root:
Epoch: 50
INFO:root:Train Accuracy: 99.833 (99.933). Loss: 0.077 (0.077)

INFO:root:Train Accuracy: 99.280 (99.470).

INFO:root:
Epoch: 51
INFO:root:Train Accuracy: 99.837 (99.933). Loss: 0.078 (0.077)

INFO:root:Train Accuracy: 99.370 (99.470).

INFO:root:
Epoch: 52
INFO:root:Train Accuracy: 99.798 (99.933). Loss: 0.077 (0.077)

INFO:root:Train Accuracy: 99.220 (99.470).

INFO:root:
Epoch: 53
INFO:root:Train Accuracy: 99.760 (99.933). Loss: 0.079 (0.077)

INFO:root:Train Accuracy: 99.100 (99.470).

INFO:root:
Epoch: 54
INFO:root:Train Accuracy: 99.692 (99.933). Loss: 0.076 (0.076)

INFO:root:Train Accuracy: 99.140 (99.470).

INFO:root:
Epoch: 55
INFO:root:Train Accuracy: 99.663 (99.933). Loss: 0.076 (0.076)

INFO:root:Train Accuracy: 99.210 (99.470).

INFO:root:
Epoch: 56
INFO:root:Train Accuracy: 99.667 (99.933). Loss: 0.077 (0.076)

INFO:root:Train Accuracy: 99.140 (99.470).

INFO:root:
Epoch: 57
INFO:root:Train Accuracy: 99.623 (99.933). Loss: 0.085 (0.076)

INFO:root:Train Accuracy: 98.760 (99.470).

INFO:root:
Epoch: 58
INFO:root:Train Accuracy: 99.317 (99.933). Loss: 0.116 (0.076)

INFO:root:Train Accuracy: 99.110 (99.470).

INFO:root:
Epoch: 59
INFO:root:Train Accuracy: 99.738 (99.933). Loss: 0.107 (0.076)

INFO:root:Train Accuracy: 99.260 (99.470).

INFO:root:
Epoch: 60
INFO:root:Train Accuracy: 99.795 (99.933). Loss: 0.091 (0.076)

INFO:root:Train Accuracy: 99.210 (99.470).

INFO:root:
Epoch: 61
INFO:root:Train Accuracy: 99.868 (99.933). Loss: 0.072 (0.072)

INFO:root:Train Accuracy: 99.320 (99.470).

INFO:root:
Epoch: 62
INFO:root:Train Accuracy: 99.912 (99.933). Loss: 0.071 (0.071)

INFO:root:Train Accuracy: 99.250 (99.470).

INFO:root:
Epoch: 63
INFO:root:Train Accuracy: 99.905 (99.933). Loss: 0.073 (0.071)

INFO:root:Train Accuracy: 99.250 (99.470).

INFO:root:
Epoch: 64
INFO:root:Train Accuracy: 99.850 (99.933). Loss: 0.075 (0.071)

INFO:root:Train Accuracy: 99.260 (99.470).

INFO:root:
Epoch: 65
INFO:root:Train Accuracy: 99.630 (99.933). Loss: 0.087 (0.071)

INFO:root:Train Accuracy: 98.990 (99.470).

INFO:root:
Epoch: 66
INFO:root:Train Accuracy: 99.708 (99.933). Loss: 0.092 (0.071)

INFO:root:Train Accuracy: 99.150 (99.470).

INFO:root:
Epoch: 67
INFO:root:Train Accuracy: 99.868 (99.933). Loss: 0.086 (0.071)

INFO:root:Train Accuracy: 99.300 (99.470).

INFO:root:
Epoch: 68
INFO:root:Train Accuracy: 99.887 (99.933). Loss: 0.087 (0.071)

INFO:root:Train Accuracy: 99.210 (99.470).

INFO:root:
Epoch: 69
INFO:root:Train Accuracy: 99.860 (99.933). Loss: 0.106 (0.071)

INFO:root:Train Accuracy: 99.230 (99.470).

INFO:root:
Epoch: 70
INFO:root:Train Accuracy: 99.872 (99.933). Loss: 0.118 (0.071)

INFO:root:Train Accuracy: 99.200 (99.470).

INFO:root:
Epoch: 71
INFO:root:Train Accuracy: 99.865 (99.933). Loss: 0.121 (0.071)

INFO:root:Train Accuracy: 99.270 (99.470).

INFO:root:
Epoch: 72
INFO:root:Train Accuracy: 99.888 (99.933). Loss: 0.120 (0.071)

INFO:root:Train Accuracy: 99.190 (99.470).

INFO:root:
Epoch: 73
INFO:root:Train Accuracy: 99.872 (99.933). Loss: 0.122 (0.071)

INFO:root:Train Accuracy: 99.240 (99.470).

INFO:root:
Epoch: 74
INFO:root:Train Accuracy: 99.895 (99.933). Loss: 0.124 (0.071)

INFO:root:Train Accuracy: 99.320 (99.470).

INFO:root:
Epoch: 75
INFO:root:Train Accuracy: 99.612 (99.933). Loss: 0.113 (0.071)

INFO:root:Train Accuracy: 98.940 (99.470).

INFO:root:
Epoch: 76
INFO:root:Train Accuracy: 99.618 (99.933). Loss: 0.106 (0.071)

INFO:root:Train Accuracy: 99.240 (99.470).

INFO:root:
Epoch: 77
INFO:root:Train Accuracy: 99.823 (99.933). Loss: 0.116 (0.071)

INFO:root:Train Accuracy: 99.310 (99.470).

INFO:root:
Epoch: 78
INFO:root:Train Accuracy: 99.897 (99.933). Loss: 0.123 (0.071)

INFO:root:Train Accuracy: 99.270 (99.470).

INFO:root:
Epoch: 79
INFO:root:Train Accuracy: 99.883 (99.933). Loss: 0.127 (0.071)

INFO:root:Train Accuracy: 99.120 (99.470).

INFO:root:
Epoch: 80
INFO:root:Train Accuracy: 99.685 (99.933). Loss: 0.128 (0.071)

INFO:root:Train Accuracy: 99.020 (99.470).

INFO:root:
Epoch: 81
INFO:root:Train Accuracy: 99.668 (99.933). Loss: 0.123 (0.071)

INFO:root:Train Accuracy: 99.120 (99.470).

INFO:root:
Epoch: 82
INFO:root:Train Accuracy: 99.773 (99.933). Loss: 0.120 (0.071)

INFO:root:Train Accuracy: 99.130 (99.470).

INFO:root:
Epoch: 83
INFO:root:Train Accuracy: 99.795 (99.933). Loss: 0.120 (0.071)

INFO:root:Train Accuracy: 99.150 (99.470).

INFO:root:
Epoch: 84
INFO:root:Train Accuracy: 99.798 (99.933). Loss: 0.116 (0.071)

INFO:root:Train Accuracy: 99.010 (99.470).

INFO:root:
Epoch: 85
INFO:root:Train Accuracy: 99.822 (99.933). Loss: 0.113 (0.071)

INFO:root:Train Accuracy: 99.130 (99.470).

INFO:root:
Epoch: 86
INFO:root:Train Accuracy: 99.850 (99.933). Loss: 0.113 (0.071)

INFO:root:Train Accuracy: 99.030 (99.470).

INFO:root:
Epoch: 87
INFO:root:Train Accuracy: 99.857 (99.933). Loss: 0.108 (0.071)

INFO:root:Train Accuracy: 99.080 (99.470).

INFO:root:
Epoch: 88
INFO:root:Train Accuracy: 99.845 (99.933). Loss: 0.117 (0.071)

INFO:root:Train Accuracy: 99.080 (99.470).

INFO:root:
Epoch: 89
INFO:root:Train Accuracy: 99.853 (99.933). Loss: 0.116 (0.071)

INFO:root:Train Accuracy: 99.190 (99.470).

INFO:root:
Epoch: 90
INFO:root:Train Accuracy: 99.850 (99.933). Loss: 0.116 (0.071)

INFO:root:Train Accuracy: 99.210 (99.470).

INFO:root:
Epoch: 91
INFO:root:Train Accuracy: 99.845 (99.933). Loss: 0.115 (0.071)

INFO:root:Train Accuracy: 99.140 (99.470).

INFO:root:
Epoch: 92
INFO:root:Train Accuracy: 99.872 (99.933). Loss: 0.115 (0.071)

INFO:root:Train Accuracy: 99.120 (99.470).

INFO:root:
Epoch: 93
INFO:root:Train Accuracy: 99.875 (99.933). Loss: 0.117 (0.071)

INFO:root:Train Accuracy: 99.140 (99.470).

INFO:root:
Epoch: 94
INFO:root:Train Accuracy: 99.872 (99.933). Loss: 0.118 (0.071)

INFO:root:Train Accuracy: 99.060 (99.470).

INFO:root:
Epoch: 95
INFO:root:Train Accuracy: 99.875 (99.933). Loss: 0.118 (0.071)

INFO:root:Train Accuracy: 99.220 (99.470).

INFO:root:
Epoch: 96
INFO:root:Train Accuracy: 99.893 (99.933). Loss: 0.114 (0.071)

INFO:root:Train Accuracy: 99.180 (99.470).

INFO:root:
Epoch: 97
INFO:root:Train Accuracy: 99.873 (99.933). Loss: 0.113 (0.071)

INFO:root:Train Accuracy: 99.160 (99.470).

INFO:root:
Epoch: 98
INFO:root:Train Accuracy: 99.890 (99.933). Loss: 0.114 (0.071)

INFO:root:Train Accuracy: 99.220 (99.470).

INFO:root:
Epoch: 99
INFO:root:Train Accuracy: 99.895 (99.933). Loss: 0.114 (0.071)

INFO:root:Train Accuracy: 99.110 (99.470).

INFO:root:Best Accuracy: 0.995, at epoch: 0
