INFO:root:start parsing settings
INFO:root:finish parsing settings
INFO:root:dataset loaded
INFO:root:dataset loaded
INFO:root:
Epoch: 0
INFO:root:Train Accuracy: 93.0300 (93.030). Loss: 0.0744 (0.0744)
INFO:root:Train Accuracy: 97.5600 (97.5600).
INFO:root:
Epoch: 1
INFO:root:Train Accuracy: 97.7167 (97.717). Loss: 0.0561 (0.0561)
INFO:root:Train Accuracy: 98.1500 (98.1500).
INFO:root:
Epoch: 2
INFO:root:start parsing settings
INFO:root:finish parsing settings
INFO:root:dataset loaded
INFO:root:dataset loaded
INFO:root:
Epoch: 0
INFO:root:Train Accuracy: 93.3967 (93.397). Loss: 0.0705 (0.0705)
INFO:root:Train Accuracy: 97.4900 (97.4900).
INFO:root:
Epoch: 1
INFO:root:Train Accuracy: 97.8733 (97.873). Loss: 0.0512 (0.0512)
INFO:root:Train Accuracy: 98.5000 (98.5000).
INFO:root:
Epoch: 2
INFO:root:Train Accuracy: 98.5533 (98.553). Loss: 0.0486 (0.0486)
INFO:root:Train Accuracy: 98.5800 (98.5800).
INFO:root:
Epoch: 3
INFO:root:Train Accuracy: 98.7933 (98.793). Loss: 0.0472 (0.0472)
INFO:root:Train Accuracy: 98.7600 (98.7600).
INFO:root:
Epoch: 4
INFO:root:Train Accuracy: 99.0233 (99.023). Loss: 0.0466 (0.0466)
INFO:root:Train Accuracy: 98.7800 (98.7800).
INFO:root:
Epoch: 5
INFO:root:Train Accuracy: 99.1450 (99.145). Loss: 0.0466 (0.0466)
INFO:root:Train Accuracy: 99.0500 (99.0500).
INFO:root:
Epoch: 6
INFO:root:Train Accuracy: 99.2450 (99.245). Loss: 0.0464 (0.0464)
INFO:root:Train Accuracy: 98.8400 (99.0500).
INFO:root:
Epoch: 7
INFO:root:Train Accuracy: 99.3650 (99.365). Loss: 0.0466 (0.0464)
INFO:root:Train Accuracy: 98.9900 (99.0500).
INFO:root:
Epoch: 8
INFO:root:Train Accuracy: 99.4583 (99.458). Loss: 0.0469 (0.0464)
INFO:root:Train Accuracy: 99.0000 (99.0500).
INFO:root:
Epoch: 9
INFO:root:Train Accuracy: 99.5150 (99.515). Loss: 0.0471 (0.0464)
INFO:root:Train Accuracy: 99.1800 (99.1800).
INFO:root:
Epoch: 10
INFO:root:Train Accuracy: 99.5683 (99.568). Loss: 0.0474 (0.0464)
INFO:root:Train Accuracy: 99.1600 (99.1800).
INFO:root:
Epoch: 11
INFO:root:Train Accuracy: 99.6250 (99.625). Loss: 0.0476 (0.0464)
INFO:root:Train Accuracy: 99.1900 (99.1900).
INFO:root:
Epoch: 12
INFO:root:Train Accuracy: 99.6717 (99.672). Loss: 0.0479 (0.0464)
INFO:root:Train Accuracy: 99.2900 (99.2900).
INFO:root:
Epoch: 13
INFO:root:Train Accuracy: 99.7083 (99.708). Loss: 0.0479 (0.0464)
INFO:root:Train Accuracy: 99.2000 (99.2900).
INFO:root:
Epoch: 14
INFO:root:Train Accuracy: 99.7150 (99.715). Loss: 0.0481 (0.0464)
INFO:root:Train Accuracy: 99.2400 (99.2900).
INFO:root:
Epoch: 15
INFO:root:Train Accuracy: 99.7400 (99.740). Loss: 0.0483 (0.0464)
INFO:root:Train Accuracy: 99.3200 (99.3200).
INFO:root:
Epoch: 16
INFO:root:Train Accuracy: 99.7783 (99.778). Loss: 0.0481 (0.0464)
INFO:root:Train Accuracy: 99.1900 (99.3200).
INFO:root:
Epoch: 17
INFO:root:Train Accuracy: 99.8133 (99.813). Loss: 0.0478 (0.0464)
INFO:root:Train Accuracy: 99.2900 (99.3200).
INFO:root:
Epoch: 18
INFO:root:Train Accuracy: 99.8233 (99.823). Loss: 0.0483 (0.0464)
INFO:root:Train Accuracy: 99.3200 (99.3200).
INFO:root:
Epoch: 19
INFO:root:Train Accuracy: 99.8183 (99.823). Loss: 0.0480 (0.0464)
INFO:root:Train Accuracy: 99.3400 (99.3400).
INFO:root:
Epoch: 20
INFO:root:Train Accuracy: 99.8433 (99.843). Loss: 0.0479 (0.0464)
INFO:root:Train Accuracy: 99.2800 (99.3400).
INFO:root:
Epoch: 21
INFO:root:Train Accuracy: 99.8617 (99.862). Loss: 0.0483 (0.0464)
INFO:root:Train Accuracy: 99.3100 (99.3400).
INFO:root:
Epoch: 22
INFO:root:Train Accuracy: 99.8717 (99.872). Loss: 0.0478 (0.0464)
INFO:root:Train Accuracy: 99.3100 (99.3400).
INFO:root:
Epoch: 23
INFO:root:Train Accuracy: 99.9050 (99.905). Loss: 0.0477 (0.0464)
INFO:root:Train Accuracy: 99.3600 (99.3600).
INFO:root:
Epoch: 24
INFO:root:Train Accuracy: 99.9183 (99.918). Loss: 0.0475 (0.0464)
INFO:root:Train Accuracy: 99.2900 (99.3600).
INFO:root:
Epoch: 25
INFO:root:start parsing settings
INFO:root:finish parsing settings
INFO:root:dataset loaded
INFO:root:dataset loaded
INFO:root:
Epoch: 0
INFO:root:Train Accuracy: 91.8600 (91.860). Loss: 0.0783 (0.0783)
INFO:root:Train Accuracy: 97.4100 (97.4100).
INFO:root:
Epoch: 1
INFO:root:Train Accuracy: 97.5250 (97.525). Loss: 0.0558 (0.0558)
INFO:root:Train Accuracy: 98.2000 (98.2000).
INFO:root:
Epoch: 2
INFO:root:Train Accuracy: 98.2900 (98.290). Loss: 0.0528 (0.0528)
INFO:root:Train Accuracy: 98.5700 (98.5700).
INFO:root:
Epoch: 3
INFO:root:Train Accuracy: 98.6217 (98.622). Loss: 0.0517 (0.0517)
INFO:root:Train Accuracy: 98.5400 (98.5700).
INFO:root:
Epoch: 4
INFO:root:Train Accuracy: 98.8683 (98.868). Loss: 0.0511 (0.0511)
INFO:root:Train Accuracy: 98.7400 (98.7400).
INFO:root:
Epoch: 5
INFO:root:Train Accuracy: 98.9967 (98.997). Loss: 0.0510 (0.0510)
INFO:root:Train Accuracy: 98.9000 (98.9000).
INFO:root:
Epoch: 6
INFO:root:Train Accuracy: 99.1833 (99.183). Loss: 0.0508 (0.0508)
INFO:root:Train Accuracy: 98.8800 (98.9000).
INFO:root:
Epoch: 7
INFO:root:Train Accuracy: 99.2667 (99.267). Loss: 0.0510 (0.0508)
INFO:root:Train Accuracy: 98.9600 (98.9600).
INFO:root:
Epoch: 8
INFO:root:Train Accuracy: 99.3300 (99.330). Loss: 0.0513 (0.0508)
INFO:root:Train Accuracy: 99.1000 (99.1000).
INFO:root:
Epoch: 9
INFO:root:Train Accuracy: 99.4317 (99.432). Loss: 0.0515 (0.0508)
INFO:root:Train Accuracy: 99.1500 (99.1500).
INFO:root:
Epoch: 10
INFO:root:Train Accuracy: 99.4417 (99.442). Loss: 0.0516 (0.0508)
INFO:root:Train Accuracy: 99.1100 (99.1500).
INFO:root:
Epoch: 11
INFO:root:Train Accuracy: 99.5050 (99.505). Loss: 0.0520 (0.0508)
INFO:root:Train Accuracy: 99.1400 (99.1500).
INFO:root:
Epoch: 12
INFO:root:Train Accuracy: 99.5650 (99.565). Loss: 0.0519 (0.0508)
INFO:root:Train Accuracy: 99.1300 (99.1500).
INFO:root:
Epoch: 13
INFO:root:Train Accuracy: 99.5983 (99.598). Loss: 0.0521 (0.0508)
INFO:root:Train Accuracy: 99.0900 (99.1500).
INFO:root:
Epoch: 14
INFO:root:Train Accuracy: 99.6167 (99.617). Loss: 0.0521 (0.0508)
INFO:root:Train Accuracy: 99.2700 (99.2700).
INFO:root:
Epoch: 15
INFO:root:Train Accuracy: 99.6717 (99.672). Loss: 0.0521 (0.0508)
INFO:root:Train Accuracy: 99.3400 (99.3400).
INFO:root:
Epoch: 16
INFO:root:Train Accuracy: 99.7050 (99.705). Loss: 0.0524 (0.0508)
INFO:root:Train Accuracy: 99.2700 (99.3400).
INFO:root:
Epoch: 17
INFO:root:Train Accuracy: 99.7383 (99.738). Loss: 0.0519 (0.0508)
INFO:root:Train Accuracy: 99.2500 (99.3400).
INFO:root:
Epoch: 18
INFO:root:Train Accuracy: 99.7333 (99.738). Loss: 0.0524 (0.0508)
INFO:root:Train Accuracy: 99.3100 (99.3400).
INFO:root:
Epoch: 19
INFO:root:Train Accuracy: 99.7667 (99.767). Loss: 0.0525 (0.0508)
INFO:root:Train Accuracy: 99.1600 (99.3400).
INFO:root:
Epoch: 20
INFO:root:Train Accuracy: 99.7917 (99.792). Loss: 0.0525 (0.0508)
INFO:root:Train Accuracy: 99.2600 (99.3400).
INFO:root:
Epoch: 21
INFO:root:Train Accuracy: 99.8083 (99.808). Loss: 0.0521 (0.0508)
INFO:root:Train Accuracy: 99.2900 (99.3400).
INFO:root:
Epoch: 22
INFO:root:Train Accuracy: 99.8100 (99.810). Loss: 0.0526 (0.0508)
INFO:root:Train Accuracy: 99.2300 (99.3400).
INFO:root:
Epoch: 23
INFO:root:Train Accuracy: 99.8400 (99.840). Loss: 0.0523 (0.0508)
INFO:root:Train Accuracy: 99.2700 (99.3400).
INFO:root:
Epoch: 24
INFO:root:Train Accuracy: 99.8483 (99.848). Loss: 0.0521 (0.0508)
INFO:root:Train Accuracy: 99.2200 (99.3400).
INFO:root:
Epoch: 25
INFO:root:Train Accuracy: 99.8400 (99.848). Loss: 0.0525 (0.0508)
INFO:root:Train Accuracy: 99.2900 (99.3400).
INFO:root:
Epoch: 26
INFO:root:Train Accuracy: 99.8533 (99.853). Loss: 0.0524 (0.0508)
INFO:root:Train Accuracy: 99.1900 (99.3400).
INFO:root:
Epoch: 27
INFO:root:Train Accuracy: 99.8583 (99.858). Loss: 0.0529 (0.0508)
INFO:root:Train Accuracy: 99.3000 (99.3400).
INFO:root:
Epoch: 28
INFO:root:Train Accuracy: 99.8600 (99.860). Loss: 0.0528 (0.0508)
INFO:root:Train Accuracy: 99.2400 (99.3400).
INFO:root:
Epoch: 29
INFO:root:Train Accuracy: 99.8833 (99.883). Loss: 0.0522 (0.0508)
INFO:root:Train Accuracy: 99.3200 (99.3400).
INFO:root:
Epoch: 30
INFO:root:Train Accuracy: 99.8917 (99.892). Loss: 0.0525 (0.0508)
INFO:root:Train Accuracy: 99.2700 (99.3400).
INFO:root:
Epoch: 31
INFO:root:Train Accuracy: 99.8900 (99.892). Loss: 0.0523 (0.0508)
INFO:root:Train Accuracy: 99.3600 (99.3600).
INFO:root:
Epoch: 32
INFO:root:Train Accuracy: 99.8900 (99.892). Loss: 0.0522 (0.0508)
INFO:root:Train Accuracy: 99.2400 (99.3600).
INFO:root:
Epoch: 33
INFO:root:Train Accuracy: 99.9050 (99.905). Loss: 0.0521 (0.0508)
INFO:root:Train Accuracy: 99.3400 (99.3600).
INFO:root:
Epoch: 34
INFO:root:Train Accuracy: 99.9217 (99.922). Loss: 0.0524 (0.0508)
INFO:root:Train Accuracy: 99.3700 (99.3700).
INFO:root:
Epoch: 35
INFO:root:Train Accuracy: 99.9100 (99.922). Loss: 0.0522 (0.0508)
INFO:root:Train Accuracy: 99.2700 (99.3700).
INFO:root:
Epoch: 36
INFO:root:Train Accuracy: 99.9217 (99.922). Loss: 0.0525 (0.0508)
INFO:root:Train Accuracy: 99.3000 (99.3700).
INFO:root:
Epoch: 37
INFO:root:Train Accuracy: 99.9167 (99.922). Loss: 0.0521 (0.0508)
INFO:root:Train Accuracy: 99.3700 (99.3700).
INFO:root:
Epoch: 38
INFO:root:Train Accuracy: 99.9383 (99.938). Loss: 0.0523 (0.0508)
INFO:root:Train Accuracy: 99.3100 (99.3700).
INFO:root:
Epoch: 39
INFO:root:Train Accuracy: 99.9250 (99.938). Loss: 0.0524 (0.0508)
INFO:root:Train Accuracy: 99.4100 (99.4100).
INFO:root:
Epoch: 40
INFO:root:Train Accuracy: 99.9183 (99.938). Loss: 0.0526 (0.0508)
INFO:root:Train Accuracy: 99.4300 (99.4300).
INFO:root:
Epoch: 41
INFO:root:Train Accuracy: 99.9367 (99.938). Loss: 0.0518 (0.0508)
INFO:root:Train Accuracy: 99.4000 (99.4300).
INFO:root:
Epoch: 42
INFO:root:Train Accuracy: 99.9333 (99.938). Loss: 0.0528 (0.0508)
INFO:root:Train Accuracy: 99.3700 (99.4300).
INFO:root:
Epoch: 43
INFO:root:Train Accuracy: 99.9350 (99.938). Loss: 0.0519 (0.0508)
INFO:root:Train Accuracy: 99.3800 (99.4300).
INFO:root:
Epoch: 44
INFO:root:Train Accuracy: 99.9450 (99.945). Loss: 0.0524 (0.0508)
INFO:root:Train Accuracy: 99.3000 (99.4300).
INFO:root:
Epoch: 45
INFO:root:Train Accuracy: 99.9450 (99.945). Loss: 0.0523 (0.0508)
INFO:root:Train Accuracy: 99.3000 (99.4300).
INFO:root:
Epoch: 46
INFO:root:Train Accuracy: 99.9533 (99.953). Loss: 0.0521 (0.0508)
INFO:root:Train Accuracy: 99.2900 (99.4300).
INFO:root:
Epoch: 47
INFO:root:Train Accuracy: 99.9433 (99.953). Loss: 0.0527 (0.0508)
INFO:root:Train Accuracy: 99.3500 (99.4300).
INFO:root:
Epoch: 48
INFO:root:Train Accuracy: 99.9517 (99.953). Loss: 0.0523 (0.0508)
INFO:root:Train Accuracy: 99.3300 (99.4300).
INFO:root:
Epoch: 49
INFO:root:Train Accuracy: 99.9583 (99.958). Loss: 0.0525 (0.0508)
INFO:root:Train Accuracy: 99.2800 (99.4300).
INFO:root:
Epoch: 50
INFO:root:Train Accuracy: 99.9617 (99.962). Loss: 0.0524 (0.0508)
INFO:root:Train Accuracy: 99.3300 (99.4300).
INFO:root:
Epoch: 51
INFO:root:Train Accuracy: 99.9417 (99.962). Loss: 0.0522 (0.0508)
INFO:root:Train Accuracy: 99.2500 (99.4300).
INFO:root:
Epoch: 52
INFO:root:Train Accuracy: 99.9583 (99.962). Loss: 0.0525 (0.0508)
INFO:root:Train Accuracy: 99.3000 (99.4300).
INFO:root:
Epoch: 53
INFO:root:Train Accuracy: 99.9467 (99.962). Loss: 0.0527 (0.0508)
INFO:root:Train Accuracy: 99.2400 (99.4300).
INFO:root:
Epoch: 54
INFO:root:Train Accuracy: 99.9517 (99.962). Loss: 0.0525 (0.0508)
INFO:root:Train Accuracy: 99.2100 (99.4300).
INFO:root:
Epoch: 55
INFO:root:Train Accuracy: 99.9567 (99.962). Loss: 0.0521 (0.0508)
INFO:root:Train Accuracy: 99.2900 (99.4300).
INFO:root:
Epoch: 56
INFO:root:Train Accuracy: 99.9583 (99.962). Loss: 0.0522 (0.0508)
INFO:root:Train Accuracy: 99.3200 (99.4300).
INFO:root:
Epoch: 57
INFO:root:Train Accuracy: 99.9550 (99.962). Loss: 0.0526 (0.0508)
INFO:root:Train Accuracy: 99.4200 (99.4300).
INFO:root:
Epoch: 58
INFO:root:Train Accuracy: 99.9650 (99.965). Loss: 0.0523 (0.0508)
INFO:root:Train Accuracy: 99.3400 (99.4300).
INFO:root:
Epoch: 59
INFO:root:Train Accuracy: 99.9683 (99.968). Loss: 0.0526 (0.0508)
INFO:root:Train Accuracy: 99.3500 (99.4300).
INFO:root:
Epoch: 60
INFO:root:Train Accuracy: 99.9667 (99.968). Loss: 0.0527 (0.0508)
INFO:root:Train Accuracy: 99.4200 (99.4300).
INFO:root:
Epoch: 61
INFO:root:Train Accuracy: 99.9683 (99.968). Loss: 0.0522 (0.0508)
INFO:root:Train Accuracy: 99.4300 (99.4300).
INFO:root:
Epoch: 62
INFO:root:Train Accuracy: 99.9483 (99.968). Loss: 0.0525 (0.0508)
INFO:root:Train Accuracy: 99.3400 (99.4300).
INFO:root:
Epoch: 63
INFO:root:Train Accuracy: 99.9600 (99.968). Loss: 0.0530 (0.0508)
INFO:root:Train Accuracy: 99.4000 (99.4300).
INFO:root:
Epoch: 64
INFO:root:Train Accuracy: 99.9617 (99.968). Loss: 0.0520 (0.0508)
INFO:root:Train Accuracy: 99.3500 (99.4300).
INFO:root:
Epoch: 65
INFO:root:Train Accuracy: 99.9550 (99.968). Loss: 0.0526 (0.0508)
INFO:root:Train Accuracy: 99.3700 (99.4300).
INFO:root:
Epoch: 66
INFO:root:Train Accuracy: 99.9717 (99.972). Loss: 0.0525 (0.0508)
INFO:root:Train Accuracy: 99.3800 (99.4300).
INFO:root:
Epoch: 67
INFO:root:Train Accuracy: 99.9633 (99.972). Loss: 0.0523 (0.0508)
INFO:root:Train Accuracy: 99.2300 (99.4300).
INFO:root:
Epoch: 68
INFO:root:Train Accuracy: 99.9683 (99.972). Loss: 0.0527 (0.0508)
INFO:root:Train Accuracy: 99.4300 (99.4300).
INFO:root:
Epoch: 69
INFO:root:Train Accuracy: 99.9700 (99.972). Loss: 0.0526 (0.0508)
INFO:root:Train Accuracy: 99.3400 (99.4300).
INFO:root:
Epoch: 70
INFO:root:Train Accuracy: 99.9700 (99.972). Loss: 0.0526 (0.0508)
INFO:root:Train Accuracy: 99.3800 (99.4300).
INFO:root:
Epoch: 71
INFO:root:Train Accuracy: 99.9733 (99.973). Loss: 0.0524 (0.0508)
INFO:root:Train Accuracy: 99.2600 (99.4300).
INFO:root:
Epoch: 72
INFO:root:Train Accuracy: 99.9667 (99.973). Loss: 0.0529 (0.0508)
INFO:root:Train Accuracy: 99.3600 (99.4300).
INFO:root:
Epoch: 73
INFO:root:Train Accuracy: 99.9800 (99.980). Loss: 0.0525 (0.0508)
INFO:root:Train Accuracy: 99.3600 (99.4300).
INFO:root:
Epoch: 74
INFO:root:Train Accuracy: 99.9717 (99.980). Loss: 0.0524 (0.0508)
INFO:root:Train Accuracy: 99.3600 (99.4300).
INFO:root:
Epoch: 75
