Epoch: 0
INFO:root:Train Accuracy: 17.076 (17.076). Loss: 0.374 (0.374)

INFO:root:Train Accuracy: 10.650 (10.650).

INFO:root:
Epoch: 1
INFO:root:Train Accuracy: 24.364 (24.364). Loss: 0.329 (0.329)

INFO:root:Train Accuracy: 36.560 (36.560).

INFO:root:
Epoch: 2
INFO:root:Train Accuracy: 37.572 (37.572). Loss: 0.270 (0.270)

INFO:root:Train Accuracy: 46.600 (46.600).

INFO:root:
Epoch: 3
INFO:root:Train Accuracy: 47.100 (47.100). Loss: 0.239 (0.239)

INFO:root:Train Accuracy: 54.790 (54.790).

INFO:root:
Epoch: 4
INFO:root:Train Accuracy: 52.162 (52.162). Loss: 0.220 (0.220)

INFO:root:Train Accuracy: 59.000 (59.000).

INFO:root:
Epoch: 5
INFO:root:Train Accuracy: 55.230 (55.230). Loss: 0.208 (0.208)

INFO:root:Train Accuracy: 61.800 (61.800).

INFO:root:
Epoch: 6
INFO:root:Train Accuracy: 57.842 (57.842). Loss: 0.198 (0.198)

INFO:root:Train Accuracy: 62.280 (62.280).

INFO:root:
Epoch: 7
INFO:root:Train Accuracy: 60.788 (60.788). Loss: 0.188 (0.188)

INFO:root:Train Accuracy: 64.570 (64.570).

INFO:root:
Epoch: 8
INFO:root:Train Accuracy: 63.070 (63.070). Loss: 0.179 (0.179)

INFO:root:Train Accuracy: 67.420 (67.420).

INFO:root:
Epoch: 9
INFO:root:Train Accuracy: 65.542 (65.542). Loss: 0.170 (0.170)

INFO:root:Train Accuracy: 70.560 (70.560).

INFO:root:
Epoch: 10
INFO:root:Train Accuracy: 67.052 (67.052). Loss: 0.164 (0.164)

INFO:root:Train Accuracy: 71.910 (71.910).

INFO:root:
Epoch: 11
INFO:root:Train Accuracy: 68.876 (68.876). Loss: 0.157 (0.157)

INFO:root:Train Accuracy: 73.160 (73.160).

INFO:root:
Epoch: 12
INFO:root:Train Accuracy: 70.548 (70.548). Loss: 0.151 (0.151)

INFO:root:Train Accuracy: 75.470 (75.470).

INFO:root:
Epoch: 13
INFO:root:Train Accuracy: 72.116 (72.116). Loss: 0.145 (0.145)

INFO:root:Train Accuracy: 75.270 (75.470).

INFO:root:
Epoch: 14
INFO:root:Train Accuracy: 73.094 (73.094). Loss: 0.143 (0.143)

INFO:root:Train Accuracy: 75.290 (75.470).

INFO:root:
Epoch: 15
INFO:root:Train Accuracy: 74.186 (74.186). Loss: 0.142 (0.142)

INFO:root:Train Accuracy: 78.140 (78.140).

INFO:root:
Epoch: 16
INFO:root:Train Accuracy: 75.004 (75.004). Loss: 0.141 (0.141)

INFO:root:Train Accuracy: 78.090 (78.140).

INFO:root:
Epoch: 17
INFO:root:Train Accuracy: 75.558 (75.558). Loss: 0.140 (0.140)

INFO:root:Train Accuracy: 78.440 (78.440).

INFO:root:
Epoch: 18
INFO:root:Train Accuracy: 76.758 (76.758). Loss: 0.137 (0.137)

INFO:root:Train Accuracy: 78.470 (78.470).

INFO:root:
Epoch: 19
INFO:root:Train Accuracy: 77.426 (77.426). Loss: 0.135 (0.135)

INFO:root:Train Accuracy: 80.100 (80.100).

INFO:root:
Epoch: 20
INFO:root:Train Accuracy: 77.830 (77.830). Loss: 0.133 (0.133)

INFO:root:Train Accuracy: 79.590 (80.100).

INFO:root:
Epoch: 21
INFO:root:Train Accuracy: 78.530 (78.530). Loss: 0.130 (0.130)

INFO:root:Train Accuracy: 81.730 (81.730).

INFO:root:
Epoch: 22
INFO:root:Train Accuracy: 79.216 (79.216). Loss: 0.128 (0.128)

INFO:root:Train Accuracy: 81.580 (81.730).

INFO:root:
Epoch: 23
INFO:root:Train Accuracy: 79.740 (79.740). Loss: 0.127 (0.127)

INFO:root:Train Accuracy: 80.230 (81.730).

INFO:root:
Epoch: 24
INFO:root:Train Accuracy: 80.338 (80.338). Loss: 0.124 (0.124)

INFO:root:Train Accuracy: 82.150 (82.150).

INFO:root:
Epoch: 25
INFO:root:Train Accuracy: 80.900 (80.900). Loss: 0.122 (0.122)

INFO:root:Train Accuracy: 82.430 (82.430).

INFO:root:
Epoch: 26
INFO:root:Train Accuracy: 81.250 (81.250). Loss: 0.121 (0.121)

INFO:root:Train Accuracy: 82.390 (82.430).

INFO:root:
Epoch: 27
INFO:root:Train Accuracy: 81.496 (81.496). Loss: 0.119 (0.119)

INFO:root:Train Accuracy: 83.210 (83.210).

INFO:root:
Epoch: 28
INFO:root:Train Accuracy: 82.268 (82.268). Loss: 0.117 (0.117)

INFO:root:Train Accuracy: 83.850 (83.850).

INFO:root:
Epoch: 29
INFO:root:Train Accuracy: 82.414 (82.414). Loss: 0.116 (0.116)

INFO:root:Train Accuracy: 83.590 (83.850).

INFO:root:
Epoch: 30
INFO:root:Train Accuracy: 82.866 (82.866). Loss: 0.114 (0.114)

INFO:root:Train Accuracy: 84.000 (84.000).

INFO:root:
Epoch: 31
INFO:root:Train Accuracy: 83.060 (83.060). Loss: 0.114 (0.114)

INFO:root:Train Accuracy: 83.850 (84.000).

INFO:root:
Epoch: 32
INFO:root:Train Accuracy: 83.450 (83.450). Loss: 0.112 (0.112)

INFO:root:Train Accuracy: 84.550 (84.550).

INFO:root:
Epoch: 33
INFO:root:Train Accuracy: 83.708 (83.708). Loss: 0.111 (0.111)

INFO:root:Train Accuracy: 84.930 (84.930).

INFO:root:
Epoch: 34
INFO:root:Train Accuracy: 84.010 (84.010). Loss: 0.110 (0.110)

INFO:root:Train Accuracy: 85.120 (85.120).

INFO:root:
Epoch: 35
INFO:root:Train Accuracy: 84.414 (84.414). Loss: 0.109 (0.109)

INFO:root:Train Accuracy: 85.350 (85.350).

INFO:root:
Epoch: 36
INFO:root:Train Accuracy: 84.794 (84.794). Loss: 0.107 (0.107)

INFO:root:Train Accuracy: 84.910 (85.350).

INFO:root:
Epoch: 37
INFO:root:Train Accuracy: 84.970 (84.970). Loss: 0.106 (0.106)

INFO:root:Train Accuracy: 84.990 (85.350).

INFO:root:
Epoch: 38
INFO:root:Train Accuracy: 85.176 (85.176). Loss: 0.105 (0.105)

INFO:root:Train Accuracy: 85.650 (85.650).

INFO:root:
Epoch: 39
INFO:root:Train Accuracy: 85.282 (85.282). Loss: 0.105 (0.105)

INFO:root:Train Accuracy: 85.820 (85.820).

INFO:root:
Epoch: 40
INFO:root:Train Accuracy: 85.636 (85.636). Loss: 0.104 (0.104)

INFO:root:Train Accuracy: 85.360 (85.820).

INFO:root:
Epoch: 41
INFO:root:Train Accuracy: 85.940 (85.940). Loss: 0.102 (0.102)

INFO:root:Train Accuracy: 86.030 (86.030).

INFO:root:
Epoch: 42
INFO:root:Train Accuracy: 86.206 (86.206). Loss: 0.101 (0.101)

INFO:root:Train Accuracy: 85.440 (86.030).

INFO:root:
Epoch: 43
INFO:root:Train Accuracy: 86.496 (86.496). Loss: 0.101 (0.101)

INFO:root:Train Accuracy: 85.990 (86.030).

INFO:root:
Epoch: 44
INFO:root:Train Accuracy: 86.754 (86.754). Loss: 0.100 (0.100)

INFO:root:Train Accuracy: 86.140 (86.140).

INFO:root:
Epoch: 45
INFO:root:Train Accuracy: 86.898 (86.898). Loss: 0.099 (0.099)

INFO:root:Train Accuracy: 85.630 (86.140).

INFO:root:
Epoch: 46
INFO:root:Train Accuracy: 87.018 (87.018). Loss: 0.098 (0.098)

INFO:root:Train Accuracy: 86.530 (86.530).

INFO:root:
Epoch: 47
INFO:root:Train Accuracy: 87.106 (87.106). Loss: 0.098 (0.098)

INFO:root:Train Accuracy: 86.610 (86.610).

INFO:root:
Epoch: 48
INFO:root:Train Accuracy: 87.338 (87.338). Loss: 0.097 (0.097)

INFO:root:Train Accuracy: 86.540 (86.610).

INFO:root:
Epoch: 49
INFO:root:Train Accuracy: 87.632 (87.632). Loss: 0.096 (0.096)

INFO:root:Train Accuracy: 86.010 (86.610).

INFO:root:
Epoch: 50
INFO:root:Train Accuracy: 87.536 (87.632). Loss: 0.096 (0.096)

INFO:root:Train Accuracy: 86.480 (86.610).

INFO:root:
Epoch: 51
INFO:root:Train Accuracy: 87.794 (87.794). Loss: 0.095 (0.095)

INFO:root:Train Accuracy: 86.310 (86.610).

INFO:root:
Epoch: 52
INFO:root:Train Accuracy: 88.034 (88.034). Loss: 0.094 (0.094)

INFO:root:Train Accuracy: 86.660 (86.660).

INFO:root:
Epoch: 53
INFO:root:Train Accuracy: 88.312 (88.312). Loss: 0.093 (0.093)

INFO:root:Train Accuracy: 87.000 (87.000).

INFO:root:
Epoch: 54
INFO:root:Train Accuracy: 88.232 (88.312). Loss: 0.094 (0.093)

INFO:root:Train Accuracy: 86.850 (87.000).

INFO:root:
Epoch: 55
INFO:root:Train Accuracy: 88.558 (88.558). Loss: 0.093 (0.093)

INFO:root:Train Accuracy: 86.940 (87.000).

INFO:root:
Epoch: 56
INFO:root:Train Accuracy: 88.562 (88.562). Loss: 0.092 (0.092)

INFO:root:Train Accuracy: 87.100 (87.100).

INFO:root:
Epoch: 57
INFO:root:Train Accuracy: 88.728 (88.728). Loss: 0.091 (0.091)

INFO:root:Train Accuracy: 87.110 (87.110).

INFO:root:
Epoch: 58
INFO:root:Train Accuracy: 89.024 (89.024). Loss: 0.090 (0.090)

INFO:root:Train Accuracy: 87.310 (87.310).

INFO:root:
Epoch: 59
INFO:root:Train Accuracy: 89.106 (89.106). Loss: 0.090 (0.090)

INFO:root:Train Accuracy: 87.470 (87.470).

INFO:root:
Epoch: 60
INFO:root:Train Accuracy: 89.400 (89.400). Loss: 0.089 (0.089)

INFO:root:Train Accuracy: 87.470 (87.470).

INFO:root:
Epoch: 61
INFO:root:Train Accuracy: 89.386 (89.400). Loss: 0.089 (0.089)

INFO:root:Train Accuracy: 87.410 (87.470).

INFO:root:
Epoch: 62
INFO:root:Train Accuracy: 89.504 (89.504). Loss: 0.088 (0.088)

INFO:root:Train Accuracy: 87.270 (87.470).

INFO:root:
Epoch: 63
INFO:root:Train Accuracy: 89.610 (89.610). Loss: 0.088 (0.088)

INFO:root:Train Accuracy: 87.720 (87.720).

INFO:root:
Epoch: 64
INFO:root:Train Accuracy: 89.718 (89.718). Loss: 0.088 (0.088)

INFO:root:Train Accuracy: 87.760 (87.760).

INFO:root:
Epoch: 65
INFO:root:Train Accuracy: 89.648 (89.718). Loss: 0.088 (0.088)

INFO:root:Train Accuracy: 87.340 (87.760).

INFO:root:
Epoch: 66
INFO:root:Train Accuracy: 90.056 (90.056). Loss: 0.087 (0.087)

INFO:root:Train Accuracy: 88.210 (88.210).

INFO:root:
Epoch: 67
INFO:root:Train Accuracy: 90.066 (90.066). Loss: 0.086 (0.086)

INFO:root:Train Accuracy: 87.520 (88.210).

INFO:root:
Epoch: 68
INFO:root:Train Accuracy: 90.106 (90.106). Loss: 0.086 (0.086)

INFO:root:Train Accuracy: 88.060 (88.210).

INFO:root:
Epoch: 69
INFO:root:Train Accuracy: 90.318 (90.318). Loss: 0.085 (0.085)

INFO:root:Train Accuracy: 88.060 (88.210).

INFO:root:
Epoch: 70
INFO:root:Train Accuracy: 90.578 (90.578). Loss: 0.085 (0.085)

INFO:root:Train Accuracy: 87.350 (88.210).

INFO:root:
Epoch: 71
INFO:root:Train Accuracy: 90.562 (90.578). Loss: 0.084 (0.084)

INFO:root:Train Accuracy: 87.930 (88.210).

INFO:root:
Epoch: 72
INFO:root:Train Accuracy: 90.660 (90.660). Loss: 0.084 (0.084)

INFO:root:Train Accuracy: 88.480 (88.480).

INFO:root:
Epoch: 73
INFO:root:Train Accuracy: 90.550 (90.660). Loss: 0.084 (0.084)

INFO:root:Train Accuracy: 87.690 (88.480).

INFO:root:
Epoch: 74
INFO:root:Train Accuracy: 90.734 (90.734). Loss: 0.083 (0.083)

INFO:root:Train Accuracy: 87.570 (88.480).

INFO:root:
Epoch: 75
INFO:root:Train Accuracy: 90.942 (90.942). Loss: 0.083 (0.083)

INFO:root:Train Accuracy: 87.590 (88.480).

INFO:root:
Epoch: 76
INFO:root:Train Accuracy: 91.044 (91.044). Loss: 0.083 (0.083)

INFO:root:Train Accuracy: 88.420 (88.480).

INFO:root:
Epoch: 77
INFO:root:Train Accuracy: 91.054 (91.054). Loss: 0.082 (0.082)

INFO:root:Train Accuracy: 87.820 (88.480).

INFO:root:
Epoch: 78
INFO:root:Train Accuracy: 91.158 (91.158). Loss: 0.082 (0.082)

INFO:root:Train Accuracy: 88.590 (88.590).

INFO:root:
Epoch: 79
INFO:root:Train Accuracy: 91.236 (91.236). Loss: 0.081 (0.081)

INFO:root:Train Accuracy: 88.420 (88.590).

INFO:root:
Epoch: 80
INFO:root:Train Accuracy: 91.406 (91.406). Loss: 0.081 (0.081)

INFO:root:Train Accuracy: 88.560 (88.590).

INFO:root:
Epoch: 81
INFO:root:Train Accuracy: 91.470 (91.470). Loss: 0.081 (0.081)

INFO:root:Train Accuracy: 87.970 (88.590).

INFO:root:
Epoch: 82
INFO:root:Train Accuracy: 91.586 (91.586). Loss: 0.080 (0.080)

INFO:root:Train Accuracy: 88.270 (88.590).

INFO:root:
Epoch: 83
INFO:root:Train Accuracy: 91.570 (91.586). Loss: 0.080 (0.080)

INFO:root:Train Accuracy: 88.800 (88.800).

INFO:root:
Epoch: 84
INFO:root:Train Accuracy: 91.702 (91.702). Loss: 0.080 (0.080)

INFO:root:Train Accuracy: 88.480 (88.800).

INFO:root:
Epoch: 85
INFO:root:Train Accuracy: 91.874 (91.874). Loss: 0.079 (0.079)

INFO:root:Train Accuracy: 88.260 (88.800).

INFO:root:
Epoch: 86
INFO:root:Train Accuracy: 91.904 (91.904). Loss: 0.079 (0.079)

INFO:root:Train Accuracy: 88.670 (88.800).

INFO:root:
Epoch: 87
INFO:root:Train Accuracy: 91.710 (91.904). Loss: 0.079 (0.079)

INFO:root:Train Accuracy: 88.520 (88.800).

INFO:root:
Epoch: 88
INFO:root:Train Accuracy: 91.928 (91.928). Loss: 0.079 (0.079)

INFO:root:Train Accuracy: 89.130 (89.130).

INFO:root:
Epoch: 89
INFO:root:Train Accuracy: 92.092 (92.092). Loss: 0.078 (0.078)

INFO:root:Train Accuracy: 88.610 (89.130).

INFO:root:
Epoch: 90
INFO:root:Train Accuracy: 92.100 (92.100). Loss: 0.078 (0.078)

INFO:root:Train Accuracy: 88.250 (89.130).

INFO:root:
Epoch: 91
INFO:root:Train Accuracy: 92.202 (92.202). Loss: 0.078 (0.078)

INFO:root:Train Accuracy: 88.370 (89.130).

INFO:root:
Epoch: 92
INFO:root:Train Accuracy: 92.368 (92.368). Loss: 0.077 (0.077)

INFO:root:Train Accuracy: 88.690 (89.130).

INFO:root:
Epoch: 93
INFO:root:Train Accuracy: 92.412 (92.412). Loss: 0.078 (0.077)

INFO:root:Train Accuracy: 88.870 (89.130).

INFO:root:
Epoch: 94
INFO:root:Train Accuracy: 92.274 (92.412). Loss: 0.078 (0.077)

INFO:root:Train Accuracy: 88.580 (89.130).

INFO:root:
Epoch: 95
INFO:root:Train Accuracy: 92.520 (92.520). Loss: 0.077 (0.077)

INFO:root:Train Accuracy: 87.960 (89.130).

INFO:root:
Epoch: 96
INFO:root:Train Accuracy: 92.662 (92.662). Loss: 0.076 (0.076)

INFO:root:Train Accuracy: 88.200 (89.130).

INFO:root:
Epoch: 97
INFO:root:Train Accuracy: 92.460 (92.662). Loss: 0.076 (0.076)

INFO:root:Train Accuracy: 88.670 (89.130).

INFO:root:
Epoch: 98
INFO:root:Train Accuracy: 92.676 (92.676). Loss: 0.076 (0.076)

INFO:root:Train Accuracy: 88.750 (89.130).

INFO:root:
Epoch: 99
INFO:root:Train Accuracy: 92.820 (92.820). Loss: 0.076 (0.076)

INFO:root:Train Accuracy: 89.010 (89.130).

INFO:root:
Epoch: 100
INFO:root:Train Accuracy: 92.782 (92.820). Loss: 0.075 (0.075)

INFO:root:Train Accuracy: 88.500 (89.130).

INFO:root:
Epoch: 101
INFO:root:Train Accuracy: 92.800 (92.820). Loss: 0.075 (0.075)

INFO:root:Train Accuracy: 88.850 (89.130).

INFO:root:
Epoch: 102
INFO:root:Train Accuracy: 92.950 (92.950). Loss: 0.074 (0.074)

INFO:root:Train Accuracy: 88.250 (89.130).

INFO:root:
Epoch: 103
INFO:root:Train Accuracy: 92.946 (92.950). Loss: 0.075 (0.074)

INFO:root:Train Accuracy: 89.120 (89.130).

INFO:root:
Epoch: 104
INFO:root:Train Accuracy: 92.804 (92.950). Loss: 0.075 (0.074)

INFO:root:Train Accuracy: 88.310 (89.130).

INFO:root:
Epoch: 105
INFO:root:Train Accuracy: 93.040 (93.040). Loss: 0.074 (0.074)

INFO:root:Train Accuracy: 88.850 (89.130).

INFO:root:
Epoch: 106
INFO:root:Train Accuracy: 93.230 (93.230). Loss: 0.074 (0.074)

INFO:root:Train Accuracy: 88.590 (89.130).

INFO:root:
Epoch: 107
INFO:root:Train Accuracy: 93.188 (93.230). Loss: 0.074 (0.074)

INFO:root:Train Accuracy: 88.930 (89.130).

INFO:root:
Epoch: 108
INFO:root:Train Accuracy: 93.224 (93.230). Loss: 0.074 (0.074)

INFO:root:Train Accuracy: 88.990 (89.130).

INFO:root:
Epoch: 109
INFO:root:Train Accuracy: 93.204 (93.230). Loss: 0.073 (0.073)

INFO:root:Train Accuracy: 88.610 (89.130).

INFO:root:
Epoch: 110
INFO:root:Train Accuracy: 93.406 (93.406). Loss: 0.073 (0.073)

INFO:root:Train Accuracy: 88.540 (89.130).

INFO:root:
Epoch: 111
INFO:root:Train Accuracy: 93.420 (93.420). Loss: 0.072 (0.072)

INFO:root:Train Accuracy: 88.790 (89.130).

INFO:root:
Epoch: 112
INFO:root:Train Accuracy: 93.246 (93.420). Loss: 0.073 (0.072)

INFO:root:Train Accuracy: 88.360 (89.130).

INFO:root:
Epoch: 113
INFO:root:Train Accuracy: 93.374 (93.420). Loss: 0.073 (0.072)

INFO:root:Train Accuracy: 88.900 (89.130).

INFO:root:
Epoch: 114
INFO:root:Train Accuracy: 93.498 (93.498). Loss: 0.073 (0.072)

INFO:root:Train Accuracy: 88.630 (89.130).

INFO:root:
Epoch: 115
INFO:root:Train Accuracy: 93.432 (93.498). Loss: 0.073 (0.072)

INFO:root:Train Accuracy: 88.900 (89.130).

INFO:root:
Epoch: 116
INFO:root:Train Accuracy: 93.360 (93.498). Loss: 0.072 (0.072)

INFO:root:Train Accuracy: 89.070 (89.130).

INFO:root:
Epoch: 117
INFO:root:Train Accuracy: 93.484 (93.498). Loss: 0.072 (0.072)

INFO:root:Train Accuracy: 88.770 (89.130).

INFO:root:
Epoch: 118
INFO:root:Train Accuracy: 93.616 (93.616). Loss: 0.072 (0.072)

INFO:root:Train Accuracy: 88.990 (89.130).

INFO:root:
Epoch: 119
INFO:root:Train Accuracy: 93.654 (93.654). Loss: 0.071 (0.071)

INFO:root:Train Accuracy: 89.060 (89.130).

INFO:root:
Epoch: 120
INFO:root:Train Accuracy: 93.792 (93.792). Loss: 0.071 (0.071)

INFO:root:Train Accuracy: 89.060 (89.130).

INFO:root:
Epoch: 121
INFO:root:Train Accuracy: 93.664 (93.792). Loss: 0.072 (0.071)

INFO:root:Train Accuracy: 88.800 (89.130).

INFO:root:
Epoch: 122
INFO:root:Train Accuracy: 93.896 (93.896). Loss: 0.071 (0.071)

INFO:root:Train Accuracy: 88.680 (89.130).

INFO:root:
Epoch: 123
INFO:root:Train Accuracy: 93.844 (93.896). Loss: 0.071 (0.071)

INFO:root:Train Accuracy: 88.980 (89.130).

INFO:root:
Epoch: 124
INFO:root:Train Accuracy: 93.858 (93.896). Loss: 0.071 (0.071)

INFO:root:Train Accuracy: 88.880 (89.130).

INFO:root:
Epoch: 125
INFO:root:Train Accuracy: 93.726 (93.896). Loss: 0.071 (0.071)

INFO:root:Train Accuracy: 88.850 (89.130).

INFO:root:
Epoch: 126
INFO:root:Train Accuracy: 94.026 (94.026). Loss: 0.071 (0.071)

INFO:root:Train Accuracy: 88.900 (89.130).

INFO:root:
Epoch: 127
INFO:root:Train Accuracy: 93.956 (94.026). Loss: 0.071 (0.071)

INFO:root:Train Accuracy: 89.170 (89.170).

INFO:root:
Epoch: 128
INFO:root:Train Accuracy: 94.040 (94.040). Loss: 0.070 (0.070)

INFO:root:Train Accuracy: 89.020 (89.170).

INFO:root:
Epoch: 129
INFO:root:Train Accuracy: 93.986 (94.040). Loss: 0.070 (0.070)

INFO:root:Train Accuracy: 89.190 (89.190).

INFO:root:
Epoch: 130
INFO:root:Train Accuracy: 94.108 (94.108). Loss: 0.070 (0.070)

INFO:root:Train Accuracy: 89.140 (89.190).

INFO:root:
Epoch: 131
INFO:root:Train Accuracy: 93.984 (94.108). Loss: 0.070 (0.070)

INFO:root:Train Accuracy: 89.360 (89.360).

INFO:root:
Epoch: 132
INFO:root:Train Accuracy: 94.220 (94.220). Loss: 0.069 (0.069)

INFO:root:Train Accuracy: 89.390 (89.390).

INFO:root:
Epoch: 133
INFO:root:Train Accuracy: 94.112 (94.220). Loss: 0.069 (0.069)

INFO:root:Train Accuracy: 89.110 (89.390).

INFO:root:
Epoch: 134
INFO:root:Train Accuracy: 94.328 (94.328). Loss: 0.069 (0.069)

INFO:root:Train Accuracy: 89.180 (89.390).

INFO:root:
Epoch: 135
INFO:root:Train Accuracy: 94.112 (94.328). Loss: 0.070 (0.069)

INFO:root:Train Accuracy: 89.350 (89.390).

INFO:root:
Epoch: 136
INFO:root:Train Accuracy: 94.208 (94.328). Loss: 0.069 (0.069)

INFO:root:Train Accuracy: 89.150 (89.390).

INFO:root:
Epoch: 137
INFO:root:Train Accuracy: 94.336 (94.336). Loss: 0.069 (0.069)

INFO:root:Train Accuracy: 89.560 (89.560).

INFO:root:
Epoch: 138
INFO:root:Train Accuracy: 94.420 (94.420). Loss: 0.069 (0.069)

INFO:root:Train Accuracy: 89.340 (89.560).

INFO:root:
Epoch: 139
INFO:root:Train Accuracy: 94.492 (94.492). Loss: 0.068 (0.068)

INFO:root:Train Accuracy: 89.010 (89.560).

INFO:root:
Epoch: 140
INFO:root:Train Accuracy: 94.302 (94.492). Loss: 0.069 (0.068)

INFO:root:Train Accuracy: 89.120 (89.560).

INFO:root:
Epoch: 141
INFO:root:Train Accuracy: 94.448 (94.492). Loss: 0.068 (0.068)

INFO:root:Train Accuracy: 88.950 (89.560).

INFO:root:
Epoch: 142
INFO:root:Train Accuracy: 94.488 (94.492). Loss: 0.068 (0.068)

INFO:root:Train Accuracy: 89.160 (89.560).

INFO:root:
Epoch: 143
INFO:root:Train Accuracy: 94.410 (94.492). Loss: 0.068 (0.068)

INFO:root:Train Accuracy: 89.020 (89.560).

INFO:root:
Epoch: 144
INFO:root:Train Accuracy: 94.610 (94.610). Loss: 0.068 (0.068)

INFO:root:Train Accuracy: 89.220 (89.560).

INFO:root:
Epoch: 145
INFO:root:Train Accuracy: 94.470 (94.610). Loss: 0.068 (0.068)

INFO:root:Train Accuracy: 89.500 (89.560).

INFO:root:
Epoch: 146
INFO:root:Train Accuracy: 94.618 (94.618). Loss: 0.067 (0.067)

INFO:root:Train Accuracy: 89.350 (89.560).

INFO:root:
Epoch: 147
INFO:root:Train Accuracy: 94.702 (94.702). Loss: 0.067 (0.067)

INFO:root:Train Accuracy: 89.330 (89.560).

INFO:root:
Epoch: 148
INFO:root:Train Accuracy: 94.728 (94.728). Loss: 0.067 (0.067)

INFO:root:Train Accuracy: 89.430 (89.560).

INFO:root:
Epoch: 149
INFO:root:Train Accuracy: 94.562 (94.728). Loss: 0.067 (0.067)

INFO:root:Train Accuracy: 89.390 (89.560).

INFO:root:Best Accuracy: 0.896, at epoch: 0 

