INFO:root:start parsing settings
INFO:root:finish parsing settings
INFO:root:dataset loaded
INFO:root:dataset loaded
INFO:root:
Epoch: 0
INFO:root:Train Accuracy: 81.1950 (81.195). Loss: 0.1129 (0.1129)
INFO:root:Train Accuracy: 84.1500 (84.1500).
INFO:root:
Epoch: 1
INFO:root:Train Accuracy: 86.2200 (86.220). Loss: 0.0962 (0.0962)
INFO:root:Train Accuracy: 85.9300 (85.9300).
INFO:root:
Epoch: 2
INFO:root:Train Accuracy: 87.4900 (87.490). Loss: 0.0918 (0.0918)
INFO:root:Train Accuracy: 86.5600 (86.5600).
INFO:root:
Epoch: 3
INFO:root:Train Accuracy: 88.1950 (88.195). Loss: 0.0899 (0.0899)
INFO:root:Train Accuracy: 86.2400 (86.5600).
INFO:root:
Epoch: 4
INFO:root:Train Accuracy: 88.9450 (88.945). Loss: 0.0876 (0.0876)
INFO:root:Train Accuracy: 86.4400 (86.5600).
INFO:root:
Epoch: 5
INFO:root:Train Accuracy: 89.2933 (89.293). Loss: 0.0852 (0.0852)
INFO:root:Train Accuracy: 87.0000 (87.0000).
INFO:root:
Epoch: 6
INFO:root:Train Accuracy: 89.9417 (89.942). Loss: 0.0835 (0.0835)
INFO:root:Train Accuracy: 87.8700 (87.8700).
INFO:root:
Epoch: 7
INFO:root:Train Accuracy: 90.3100 (90.310). Loss: 0.0817 (0.0817)
INFO:root:Train Accuracy: 88.2400 (88.2400).
INFO:root:
Epoch: 8
INFO:root:Train Accuracy: 90.7450 (90.745). Loss: 0.0800 (0.0800)
INFO:root:Train Accuracy: 87.4900 (88.2400).
INFO:root:
Epoch: 9
INFO:root:Train Accuracy: 91.0733 (91.073). Loss: 0.0783 (0.0783)
INFO:root:Train Accuracy: 88.4500 (88.4500).
INFO:root:
Epoch: 10
INFO:root:Train Accuracy: 91.5367 (91.537). Loss: 0.0764 (0.0764)
INFO:root:Train Accuracy: 88.2700 (88.4500).
INFO:root:
Epoch: 11
INFO:root:Train Accuracy: 91.7817 (91.782). Loss: 0.0748 (0.0748)
INFO:root:Train Accuracy: 88.6300 (88.6300).
INFO:root:
Epoch: 12
INFO:root:Train Accuracy: 92.0950 (92.095). Loss: 0.0738 (0.0738)
INFO:root:Train Accuracy: 88.2100 (88.6300).
INFO:root:
Epoch: 13
INFO:root:Train Accuracy: 92.5117 (92.512). Loss: 0.0725 (0.0725)
INFO:root:Train Accuracy: 88.2600 (88.6300).
INFO:root:
Epoch: 14
INFO:root:Train Accuracy: 92.6367 (92.637). Loss: 0.0720 (0.0720)
INFO:root:Train Accuracy: 88.6100 (88.6300).
INFO:root:
Epoch: 15
INFO:root:Train Accuracy: 92.8467 (92.847). Loss: 0.0704 (0.0704)
INFO:root:Train Accuracy: 88.5600 (88.6300).
INFO:root:
Epoch: 16
INFO:root:Train Accuracy: 93.1467 (93.147). Loss: 0.0690 (0.0690)
INFO:root:Train Accuracy: 88.6400 (88.6400).
INFO:root:
Epoch: 17
INFO:root:Train Accuracy: 93.5200 (93.520). Loss: 0.0679 (0.0679)
INFO:root:Train Accuracy: 89.1000 (89.1000).
INFO:root:
Epoch: 18
INFO:root:Train Accuracy: 93.6250 (93.625). Loss: 0.0669 (0.0669)
INFO:root:Train Accuracy: 88.1800 (89.1000).
INFO:root:
Epoch: 19
INFO:root:Train Accuracy: 93.8450 (93.845). Loss: 0.0662 (0.0662)
INFO:root:Train Accuracy: 88.6100 (89.1000).
INFO:root:
Epoch: 20
INFO:root:Train Accuracy: 93.9783 (93.978). Loss: 0.0654 (0.0654)
INFO:root:Train Accuracy: 88.8300 (89.1000).
INFO:root:
Epoch: 21
INFO:root:Train Accuracy: 94.1333 (94.133). Loss: 0.0646 (0.0646)
INFO:root:Train Accuracy: 89.2900 (89.2900).
INFO:root:
Epoch: 22
INFO:root:Train Accuracy: 94.2967 (94.297). Loss: 0.0635 (0.0635)
INFO:root:Train Accuracy: 88.8500 (89.2900).
INFO:root:
Epoch: 23
INFO:root:Train Accuracy: 94.5383 (94.538). Loss: 0.0629 (0.0629)
INFO:root:Train Accuracy: 89.2600 (89.2900).
INFO:root:
Epoch: 24
INFO:root:Train Accuracy: 94.7933 (94.793). Loss: 0.0618 (0.0618)
INFO:root:Train Accuracy: 88.9800 (89.2900).
INFO:root:
Epoch: 25
INFO:root:Train Accuracy: 94.7550 (94.793). Loss: 0.0615 (0.0615)
INFO:root:Train Accuracy: 88.9500 (89.2900).
INFO:root:
Epoch: 26
INFO:root:Train Accuracy: 94.9950 (94.995). Loss: 0.0604 (0.0604)
INFO:root:Train Accuracy: 89.2600 (89.2900).
INFO:root:
Epoch: 27
INFO:root:Train Accuracy: 95.1217 (95.122). Loss: 0.0599 (0.0599)
INFO:root:Train Accuracy: 89.2400 (89.2900).
INFO:root:
Epoch: 28
INFO:root:Train Accuracy: 95.1983 (95.198). Loss: 0.0593 (0.0593)
INFO:root:Train Accuracy: 89.1100 (89.2900).
INFO:root:
Epoch: 29
INFO:root:Train Accuracy: 95.3767 (95.377). Loss: 0.0586 (0.0586)
INFO:root:Train Accuracy: 89.1200 (89.2900).
INFO:root:
Epoch: 30
INFO:root:Train Accuracy: 95.3300 (95.377). Loss: 0.0584 (0.0584)
INFO:root:Train Accuracy: 89.3100 (89.3100).
INFO:root:
Epoch: 31
INFO:root:Train Accuracy: 95.7017 (95.702). Loss: 0.0575 (0.0575)
INFO:root:Train Accuracy: 88.9300 (89.3100).
INFO:root:
Epoch: 32
INFO:root:Train Accuracy: 95.6633 (95.702). Loss: 0.0573 (0.0573)
INFO:root:Train Accuracy: 89.2300 (89.3100).
INFO:root:
Epoch: 33
INFO:root:Train Accuracy: 95.8450 (95.845). Loss: 0.0563 (0.0563)
INFO:root:Train Accuracy: 89.5200 (89.5200).
INFO:root:
Epoch: 34
INFO:root:Train Accuracy: 95.8000 (95.845). Loss: 0.0563 (0.0563)
INFO:root:Train Accuracy: 89.1900 (89.5200).
INFO:root:
Epoch: 35
INFO:root:Train Accuracy: 96.0500 (96.050). Loss: 0.0553 (0.0553)
INFO:root:Train Accuracy: 88.7500 (89.5200).
INFO:root:
Epoch: 36
INFO:root:Train Accuracy: 96.1317 (96.132). Loss: 0.0551 (0.0551)
INFO:root:Train Accuracy: 89.3800 (89.5200).
INFO:root:
Epoch: 37
INFO:root:Train Accuracy: 96.1867 (96.187). Loss: 0.0546 (0.0546)
INFO:root:Train Accuracy: 89.4700 (89.5200).
INFO:root:
Epoch: 38
INFO:root:Train Accuracy: 96.3033 (96.303). Loss: 0.0543 (0.0543)
INFO:root:Train Accuracy: 89.4100 (89.5200).
INFO:root:
Epoch: 39
INFO:root:Train Accuracy: 96.2367 (96.303). Loss: 0.0540 (0.0540)
INFO:root:Train Accuracy: 89.1100 (89.5200).
INFO:root:
Epoch: 40
INFO:root:Train Accuracy: 96.5750 (96.575). Loss: 0.0530 (0.0530)
INFO:root:Train Accuracy: 88.9700 (89.5200).
INFO:root:
Epoch: 41
INFO:root:Train Accuracy: 96.5767 (96.577). Loss: 0.0529 (0.0529)
INFO:root:Train Accuracy: 89.7900 (89.7900).
INFO:root:
Epoch: 42
INFO:root:Train Accuracy: 96.5683 (96.577). Loss: 0.0525 (0.0525)
INFO:root:Train Accuracy: 89.1600 (89.7900).
INFO:root:
Epoch: 43
INFO:root:Train Accuracy: 96.6483 (96.648). Loss: 0.0521 (0.0521)
INFO:root:Train Accuracy: 89.2900 (89.7900).
INFO:root:
Epoch: 44
INFO:root:Train Accuracy: 96.6967 (96.697). Loss: 0.0519 (0.0519)
INFO:root:Train Accuracy: 89.1400 (89.7900).
INFO:root:
Epoch: 45
INFO:root:Train Accuracy: 96.8267 (96.827). Loss: 0.0514 (0.0514)
INFO:root:Train Accuracy: 89.4200 (89.7900).
INFO:root:
Epoch: 46
INFO:root:Train Accuracy: 96.8567 (96.857). Loss: 0.0512 (0.0512)
INFO:root:Train Accuracy: 89.0800 (89.7900).
INFO:root:
Epoch: 47
INFO:root:Train Accuracy: 96.9317 (96.932). Loss: 0.0510 (0.0510)
INFO:root:Train Accuracy: 89.5200 (89.7900).
INFO:root:
Epoch: 48
INFO:root:Train Accuracy: 96.9583 (96.958). Loss: 0.0505 (0.0505)
INFO:root:Train Accuracy: 88.9800 (89.7900).
INFO:root:
Epoch: 49
INFO:root:Train Accuracy: 96.9617 (96.962). Loss: 0.0504 (0.0504)
INFO:root:Train Accuracy: 89.3100 (89.7900).
INFO:root:
Epoch: 50
INFO:root:Train Accuracy: 97.0950 (97.095). Loss: 0.0503 (0.0503)
INFO:root:Train Accuracy: 89.7300 (89.7900).
INFO:root:
Epoch: 51
INFO:root:Train Accuracy: 97.1367 (97.137). Loss: 0.0498 (0.0498)
INFO:root:Train Accuracy: 89.4400 (89.7900).
INFO:root:
Epoch: 52
INFO:root:Train Accuracy: 97.2400 (97.240). Loss: 0.0497 (0.0497)
INFO:root:Train Accuracy: 89.5000 (89.7900).
INFO:root:
Epoch: 53
INFO:root:Train Accuracy: 97.2217 (97.240). Loss: 0.0495 (0.0495)
INFO:root:Train Accuracy: 89.4500 (89.7900).
INFO:root:
Epoch: 54
INFO:root:Train Accuracy: 97.3400 (97.340). Loss: 0.0492 (0.0492)
INFO:root:Train Accuracy: 89.3400 (89.7900).
INFO:root:
Epoch: 55
INFO:root:Train Accuracy: 97.2667 (97.340). Loss: 0.0493 (0.0492)
INFO:root:Train Accuracy: 89.3500 (89.7900).
INFO:root:
Epoch: 56
INFO:root:Train Accuracy: 97.2900 (97.340). Loss: 0.0492 (0.0492)
INFO:root:Train Accuracy: 89.2200 (89.7900).
INFO:root:
Epoch: 57
INFO:root:Train Accuracy: 97.4517 (97.452). Loss: 0.0483 (0.0483)
INFO:root:Train Accuracy: 89.3300 (89.7900).
INFO:root:
Epoch: 58
INFO:root:Train Accuracy: 97.4450 (97.452). Loss: 0.0481 (0.0481)
INFO:root:Train Accuracy: 89.0300 (89.7900).
INFO:root:
Epoch: 59
INFO:root:Train Accuracy: 97.4950 (97.495). Loss: 0.0480 (0.0480)
INFO:root:Train Accuracy: 89.8500 (89.8500).
INFO:root:
Epoch: 60
INFO:root:Train Accuracy: 97.4700 (97.495). Loss: 0.0479 (0.0479)
INFO:root:Train Accuracy: 89.2500 (89.8500).
INFO:root:
Epoch: 61
INFO:root:Train Accuracy: 97.6683 (97.668). Loss: 0.0472 (0.0472)
INFO:root:Train Accuracy: 89.7800 (89.8500).
INFO:root:
Epoch: 62
INFO:root:Train Accuracy: 97.6433 (97.668). Loss: 0.0476 (0.0472)
INFO:root:Train Accuracy: 89.9100 (89.9100).
INFO:root:
Epoch: 63
INFO:root:Train Accuracy: 97.6517 (97.668). Loss: 0.0471 (0.0471)
INFO:root:Train Accuracy: 89.2000 (89.9100).
INFO:root:
Epoch: 64
INFO:root:Train Accuracy: 97.7967 (97.797). Loss: 0.0469 (0.0469)
INFO:root:Train Accuracy: 89.6000 (89.9100).
INFO:root:
Epoch: 65
INFO:root:Train Accuracy: 97.7933 (97.797). Loss: 0.0468 (0.0468)
INFO:root:Train Accuracy: 89.0500 (89.9100).
INFO:root:
Epoch: 66
INFO:root:Train Accuracy: 97.8917 (97.892). Loss: 0.0464 (0.0464)
INFO:root:Train Accuracy: 89.1300 (89.9100).
INFO:root:
Epoch: 67
INFO:root:Train Accuracy: 97.8183 (97.892). Loss: 0.0462 (0.0462)
INFO:root:Train Accuracy: 89.7300 (89.9100).
INFO:root:
Epoch: 68
INFO:root:Train Accuracy: 97.8000 (97.892). Loss: 0.0462 (0.0462)
INFO:root:Train Accuracy: 89.5900 (89.9100).
INFO:root:
Epoch: 69
INFO:root:Train Accuracy: 97.8083 (97.892). Loss: 0.0461 (0.0461)
INFO:root:Train Accuracy: 89.7200 (89.9100).
INFO:root:
Epoch: 70
INFO:root:Train Accuracy: 97.8700 (97.892). Loss: 0.0460 (0.0460)
INFO:root:Train Accuracy: 89.3100 (89.9100).
INFO:root:
Epoch: 71
INFO:root:Train Accuracy: 98.0283 (98.028). Loss: 0.0450 (0.0450)
INFO:root:Train Accuracy: 89.4400 (89.9100).
INFO:root:
Epoch: 72
INFO:root:Train Accuracy: 98.0383 (98.038). Loss: 0.0451 (0.0450)
INFO:root:Train Accuracy: 89.4900 (89.9100).
INFO:root:
Epoch: 73
INFO:root:Train Accuracy: 98.1283 (98.128). Loss: 0.0448 (0.0448)
INFO:root:Train Accuracy: 89.1300 (89.9100).
INFO:root:
Epoch: 74
INFO:root:Train Accuracy: 98.0100 (98.128). Loss: 0.0454 (0.0448)
INFO:root:Train Accuracy: 89.2600 (89.9100).
INFO:root:
Epoch: 75
INFO:root:Train Accuracy: 98.0900 (98.128). Loss: 0.0453 (0.0448)
INFO:root:Train Accuracy: 89.4800 (89.9100).
INFO:root:
Epoch: 76
INFO:root:Train Accuracy: 98.1050 (98.128). Loss: 0.0451 (0.0448)
INFO:root:Train Accuracy: 89.0700 (89.9100).
INFO:root:
Epoch: 77
INFO:root:Train Accuracy: 98.2050 (98.205). Loss: 0.0450 (0.0448)
INFO:root:Train Accuracy: 89.4500 (89.9100).
INFO:root:
Epoch: 78
INFO:root:Train Accuracy: 98.1317 (98.205). Loss: 0.0454 (0.0448)
INFO:root:Train Accuracy: 89.2800 (89.9100).
INFO:root:
Epoch: 79
INFO:root:Train Accuracy: 98.2400 (98.240). Loss: 0.0446 (0.0446)
INFO:root:Train Accuracy: 89.6100 (89.9100).
INFO:root:
Epoch: 80
INFO:root:Train Accuracy: 98.1017 (98.240). Loss: 0.0452 (0.0446)
INFO:root:Train Accuracy: 89.5300 (89.9100).
INFO:root:
Epoch: 81
INFO:root:Train Accuracy: 98.2117 (98.240). Loss: 0.0449 (0.0446)
INFO:root:Train Accuracy: 89.1500 (89.9100).
INFO:root:
Epoch: 82
INFO:root:Train Accuracy: 98.2800 (98.280). Loss: 0.0443 (0.0443)
INFO:root:Train Accuracy: 89.1000 (89.9100).
INFO:root:
Epoch: 83
INFO:root:Train Accuracy: 98.2683 (98.280). Loss: 0.0448 (0.0443)
INFO:root:Train Accuracy: 89.4900 (89.9100).
INFO:root:
Epoch: 84
INFO:root:Train Accuracy: 98.2367 (98.280). Loss: 0.0447 (0.0443)
INFO:root:Train Accuracy: 89.2300 (89.9100).
INFO:root:
Epoch: 85
INFO:root:Train Accuracy: 98.3850 (98.385). Loss: 0.0441 (0.0441)
INFO:root:Train Accuracy: 89.3700 (89.9100).
INFO:root:
Epoch: 86
INFO:root:Train Accuracy: 98.2733 (98.385). Loss: 0.0447 (0.0441)
INFO:root:Train Accuracy: 89.3400 (89.9100).
INFO:root:
Epoch: 87
INFO:root:Train Accuracy: 98.3117 (98.385). Loss: 0.0442 (0.0441)
INFO:root:Train Accuracy: 88.8300 (89.9100).
INFO:root:
Epoch: 88
INFO:root:Train Accuracy: 98.3850 (98.385). Loss: 0.0442 (0.0441)
INFO:root:Train Accuracy: 89.5800 (89.9100).
INFO:root:
Epoch: 89
INFO:root:Train Accuracy: 98.4600 (98.460). Loss: 0.0438 (0.0438)
INFO:root:Train Accuracy: 89.3400 (89.9100).
INFO:root:
Epoch: 90
INFO:root:Train Accuracy: 98.5117 (98.512). Loss: 0.0433 (0.0433)
INFO:root:Train Accuracy: 89.5300 (89.9100).
INFO:root:
Epoch: 91
INFO:root:Train Accuracy: 98.5250 (98.525). Loss: 0.0435 (0.0433)
INFO:root:Train Accuracy: 89.4700 (89.9100).
INFO:root:
Epoch: 92
INFO:root:Train Accuracy: 98.4800 (98.525). Loss: 0.0433 (0.0433)
INFO:root:Train Accuracy: 89.2200 (89.9100).
INFO:root:
Epoch: 93
INFO:root:Train Accuracy: 98.4483 (98.525). Loss: 0.0437 (0.0433)
INFO:root:Train Accuracy: 89.3100 (89.9100).
INFO:root:
Epoch: 94
INFO:root:Train Accuracy: 98.5417 (98.542). Loss: 0.0434 (0.0433)
INFO:root:Train Accuracy: 89.4800 (89.9100).
INFO:root:
Epoch: 95
INFO:root:Train Accuracy: 98.6000 (98.600). Loss: 0.0432 (0.0432)
INFO:root:Train Accuracy: 89.6000 (89.9100).
INFO:root:
Epoch: 96
INFO:root:Train Accuracy: 98.6017 (98.602). Loss: 0.0431 (0.0431)
INFO:root:Train Accuracy: 89.7700 (89.9100).
INFO:root:
Epoch: 97
INFO:root:Train Accuracy: 98.6100 (98.610). Loss: 0.0429 (0.0429)
INFO:root:Train Accuracy: 89.0300 (89.9100).
INFO:root:
Epoch: 98
INFO:root:Train Accuracy: 98.5483 (98.610). Loss: 0.0433 (0.0429)
INFO:root:Train Accuracy: 89.2000 (89.9100).
INFO:root:
Epoch: 99
INFO:root:Train Accuracy: 98.6433 (98.643). Loss: 0.0431 (0.0429)
INFO:root:Train Accuracy: 89.3100 (89.9100).
INFO:root:Best Accuracy: 0.8991, at epoch: 0 

